mode: set
istio.io/istio/operator/pkg/httprequest/httprequest.go:24.38,26.16 2 1
istio.io/istio/operator/pkg/httprequest/httprequest.go:29.2,29.28 1 1
istio.io/istio/operator/pkg/httprequest/httprequest.go:32.2,33.16 2 1
istio.io/istio/operator/pkg/httprequest/httprequest.go:36.2,36.42 1 1
istio.io/istio/operator/pkg/httprequest/httprequest.go:39.2,39.17 1 1
istio.io/istio/operator/pkg/httprequest/httprequest.go:26.16,28.3 1 0
istio.io/istio/operator/pkg/httprequest/httprequest.go:29.28,31.3 1 0
istio.io/istio/operator/pkg/httprequest/httprequest.go:33.16,35.3 1 0
istio.io/istio/operator/pkg/httprequest/httprequest.go:36.42,38.3 1 0
istio.io/istio/operator/pkg/cache/cache.go:39.26,44.2 4 1
istio.io/istio/operator/pkg/cache/cache.go:47.41,53.31 3 1
istio.io/istio/operator/pkg/cache/cache.go:59.2,59.27 1 1
istio.io/istio/operator/pkg/cache/cache.go:53.31,58.3 1 1
istio.io/istio/operator/pkg/cache/cache.go:63.41,68.24 4 1
istio.io/istio/operator/pkg/cache/cache.go:68.24,72.3 3 1
istio.io/istio/operator/pkg/compare/compare.go:43.53,45.2 1 1
istio.io/istio/operator/pkg/compare/compare.go:49.37,51.2 1 1
istio.io/istio/operator/pkg/compare/compare.go:54.49,55.17 1 1
istio.io/istio/operator/pkg/compare/compare.go:55.17,60.34 5 1
istio.io/istio/operator/pkg/compare/compare.go:70.3,70.24 1 1
istio.io/istio/operator/pkg/compare/compare.go:73.3,73.83 1 1
istio.io/istio/operator/pkg/compare/compare.go:60.34,62.4 1 1
istio.io/istio/operator/pkg/compare/compare.go:62.9,62.41 1 1
istio.io/istio/operator/pkg/compare/compare.go:62.41,64.4 1 1
istio.io/istio/operator/pkg/compare/compare.go:64.9,64.40 1 1
istio.io/istio/operator/pkg/compare/compare.go:64.40,66.4 1 1
istio.io/istio/operator/pkg/compare/compare.go:66.9,69.4 1 1
istio.io/istio/operator/pkg/compare/compare.go:70.24,72.4 1 1
istio.io/istio/operator/pkg/compare/compare.go:73.83,74.14 1 0
istio.io/istio/operator/pkg/compare/compare.go:79.47,80.18 1 1
istio.io/istio/operator/pkg/compare/compare.go:83.2,84.11 2 1
istio.io/istio/operator/pkg/compare/compare.go:90.2,90.13 1 1
istio.io/istio/operator/pkg/compare/compare.go:80.18,82.3 1 1
istio.io/istio/operator/pkg/compare/compare.go:85.25,86.38 1 1
istio.io/istio/operator/pkg/compare/compare.go:87.79,88.21 1 1
istio.io/istio/operator/pkg/compare/compare.go:94.43,95.26 1 1
istio.io/istio/operator/pkg/compare/compare.go:98.2,99.16 2 1
istio.io/istio/operator/pkg/compare/compare.go:102.2,102.18 1 1
istio.io/istio/operator/pkg/compare/compare.go:95.26,97.3 1 1
istio.io/istio/operator/pkg/compare/compare.go:99.16,101.3 1 0
istio.io/istio/operator/pkg/compare/compare.go:106.34,108.2 1 1
istio.io/istio/operator/pkg/compare/compare.go:111.85,113.55 2 1
istio.io/istio/operator/pkg/compare/compare.go:116.2,116.55 1 1
istio.io/istio/operator/pkg/compare/compare.go:120.2,120.45 1 1
istio.io/istio/operator/pkg/compare/compare.go:125.2,125.45 1 1
istio.io/istio/operator/pkg/compare/compare.go:131.2,132.16 2 1
istio.io/istio/operator/pkg/compare/compare.go:136.2,138.19 3 1
istio.io/istio/operator/pkg/compare/compare.go:113.55,115.3 1 0
istio.io/istio/operator/pkg/compare/compare.go:116.55,118.3 1 0
istio.io/istio/operator/pkg/compare/compare.go:120.45,121.57 1 1
istio.io/istio/operator/pkg/compare/compare.go:121.57,123.4 1 0
istio.io/istio/operator/pkg/compare/compare.go:125.45,126.57 1 1
istio.io/istio/operator/pkg/compare/compare.go:126.57,128.4 1 0
istio.io/istio/operator/pkg/compare/compare.go:132.16,134.3 1 0
istio.io/istio/operator/pkg/compare/compare.go:143.85,145.24 2 1
istio.io/istio/operator/pkg/compare/compare.go:149.2,150.33 2 1
istio.io/istio/operator/pkg/compare/compare.go:165.2,165.26 1 1
istio.io/istio/operator/pkg/compare/compare.go:176.2,176.8 1 1
istio.io/istio/operator/pkg/compare/compare.go:145.24,147.3 1 0
istio.io/istio/operator/pkg/compare/compare.go:150.33,152.26 2 1
istio.io/istio/operator/pkg/compare/compare.go:156.3,156.32 1 1
istio.io/istio/operator/pkg/compare/compare.go:152.26,155.4 1 0
istio.io/istio/operator/pkg/compare/compare.go:157.31,158.15 1 1
istio.io/istio/operator/pkg/compare/compare.go:159.11,161.66 1 0
istio.io/istio/operator/pkg/compare/compare.go:165.26,166.29 1 1
istio.io/istio/operator/pkg/compare/compare.go:167.15,169.61 2 1
istio.io/istio/operator/pkg/compare/compare.go:173.4,173.16 1 1
istio.io/istio/operator/pkg/compare/compare.go:169.61,170.13 1 0
istio.io/istio/operator/pkg/compare/compare.go:180.59,182.63 2 1
istio.io/istio/operator/pkg/compare/compare.go:185.2,185.52 1 1
istio.io/istio/operator/pkg/compare/compare.go:182.63,184.3 1 0
istio.io/istio/operator/pkg/compare/compare.go:185.52,189.3 3 1
istio.io/istio/operator/pkg/compare/compare.go:193.56,194.52 1 1
istio.io/istio/operator/pkg/compare/compare.go:194.52,196.34 2 1
istio.io/istio/operator/pkg/compare/compare.go:201.3,201.15 1 1
istio.io/istio/operator/pkg/compare/compare.go:196.34,197.61 1 1
istio.io/istio/operator/pkg/compare/compare.go:197.61,199.5 1 1
istio.io/istio/operator/pkg/compare/compare.go:205.52,206.28 1 1
istio.io/istio/operator/pkg/compare/compare.go:220.2,220.8 1 1
istio.io/istio/operator/pkg/compare/compare.go:206.28,207.27 1 1
istio.io/istio/operator/pkg/compare/compare.go:208.21,209.47 1 1
istio.io/istio/operator/pkg/compare/compare.go:210.23,213.30 2 1
istio.io/istio/operator/pkg/compare/compare.go:217.4,217.22 1 1
istio.io/istio/operator/pkg/compare/compare.go:213.30,216.5 1 1
istio.io/istio/operator/pkg/compare/compare.go:223.62,225.16 2 1
istio.io/istio/operator/pkg/compare/compare.go:228.2,229.16 2 1
istio.io/istio/operator/pkg/compare/compare.go:233.2,234.45 2 1
istio.io/istio/operator/pkg/compare/compare.go:225.16,227.3 1 0
istio.io/istio/operator/pkg/compare/compare.go:229.16,231.3 1 0
istio.io/istio/operator/pkg/compare/compare.go:239.135,245.16 5 1
istio.io/istio/operator/pkg/compare/compare.go:248.2,251.16 3 1
istio.io/istio/operator/pkg/compare/compare.go:254.2,256.19 2 1
istio.io/istio/operator/pkg/compare/compare.go:263.2,264.16 2 1
istio.io/istio/operator/pkg/compare/compare.go:267.2,268.16 2 1
istio.io/istio/operator/pkg/compare/compare.go:272.2,272.46 1 1
istio.io/istio/operator/pkg/compare/compare.go:245.16,247.3 1 0
istio.io/istio/operator/pkg/compare/compare.go:251.16,253.3 1 0
istio.io/istio/operator/pkg/compare/compare.go:256.19,258.17 2 1
istio.io/istio/operator/pkg/compare/compare.go:258.17,260.4 1 0
istio.io/istio/operator/pkg/compare/compare.go:264.16,266.3 1 0
istio.io/istio/operator/pkg/compare/compare.go:268.16,270.3 1 0
istio.io/istio/operator/pkg/compare/compare.go:276.96,280.16 4 0
istio.io/istio/operator/pkg/compare/compare.go:283.2,285.16 3 0
istio.io/istio/operator/pkg/compare/compare.go:288.2,289.26 2 0
istio.io/istio/operator/pkg/compare/compare.go:296.2,297.16 2 0
istio.io/istio/operator/pkg/compare/compare.go:300.2,302.16 3 0
istio.io/istio/operator/pkg/compare/compare.go:305.2,305.28 1 0
istio.io/istio/operator/pkg/compare/compare.go:280.16,282.3 1 0
istio.io/istio/operator/pkg/compare/compare.go:285.16,287.3 1 0
istio.io/istio/operator/pkg/compare/compare.go:289.26,291.17 2 0
istio.io/istio/operator/pkg/compare/compare.go:294.3,294.52 1 0
istio.io/istio/operator/pkg/compare/compare.go:291.17,293.4 1 0
istio.io/istio/operator/pkg/compare/compare.go:297.16,299.3 1 0
istio.io/istio/operator/pkg/compare/compare.go:302.16,304.3 1 0
istio.io/istio/operator/pkg/compare/compare.go:309.116,311.29 2 1
istio.io/istio/operator/pkg/compare/compare.go:350.2,350.17 1 1
istio.io/istio/operator/pkg/compare/compare.go:311.29,313.35 2 1
istio.io/istio/operator/pkg/compare/compare.go:346.3,346.17 1 1
istio.io/istio/operator/pkg/compare/compare.go:313.35,315.18 2 1
istio.io/istio/operator/pkg/compare/compare.go:319.4,319.32 1 1
istio.io/istio/operator/pkg/compare/compare.go:315.18,318.5 1 0
istio.io/istio/operator/pkg/compare/compare.go:319.32,321.27 2 1
istio.io/istio/operator/pkg/compare/compare.go:325.5,326.25 2 1
istio.io/istio/operator/pkg/compare/compare.go:333.5,334.27 2 1
istio.io/istio/operator/pkg/compare/compare.go:341.5,343.21 3 1
istio.io/istio/operator/pkg/compare/compare.go:321.27,324.6 1 0
istio.io/istio/operator/pkg/compare/compare.go:326.25,329.6 1 0
istio.io/istio/operator/pkg/compare/compare.go:334.27,335.45 1 1
istio.io/istio/operator/pkg/compare/compare.go:335.45,337.7 1 1
istio.io/istio/operator/pkg/compare/compare.go:337.12,339.7 1 1
istio.io/istio/operator/pkg/compare/compare.go:346.17,348.4 1 0
istio.io/istio/operator/pkg/compare/compare.go:354.138,356.26 2 1
istio.io/istio/operator/pkg/compare/compare.go:376.2,376.18 1 1
istio.io/istio/operator/pkg/compare/compare.go:356.26,357.28 1 1
istio.io/istio/operator/pkg/compare/compare.go:366.3,366.27 1 1
istio.io/istio/operator/pkg/compare/compare.go:357.28,359.18 2 1
istio.io/istio/operator/pkg/compare/compare.go:362.4,362.26 1 1
istio.io/istio/operator/pkg/compare/compare.go:359.18,361.5 1 0
istio.io/istio/operator/pkg/compare/compare.go:362.26,364.5 1 1
istio.io/istio/operator/pkg/compare/compare.go:366.27,368.18 2 1
istio.io/istio/operator/pkg/compare/compare.go:371.4,371.26 1 1
istio.io/istio/operator/pkg/compare/compare.go:368.18,370.5 1 0
istio.io/istio/operator/pkg/compare/compare.go:371.26,373.5 1 1
istio.io/istio/operator/pkg/compare/compare.go:380.60,382.25 2 1
istio.io/istio/operator/pkg/compare/compare.go:387.2,387.48 1 1
istio.io/istio/operator/pkg/compare/compare.go:382.25,383.26 1 1
istio.io/istio/operator/pkg/compare/compare.go:383.26,385.4 1 1
istio.io/istio/operator/pkg/compare/compare.go:391.110,394.26 3 1
istio.io/istio/operator/pkg/compare/compare.go:421.2,421.22 1 1
istio.io/istio/operator/pkg/compare/compare.go:429.2,430.21 2 1
istio.io/istio/operator/pkg/compare/compare.go:433.2,435.22 2 1
istio.io/istio/operator/pkg/compare/compare.go:439.2,439.25 1 1
istio.io/istio/operator/pkg/compare/compare.go:394.26,396.17 2 1
istio.io/istio/operator/pkg/compare/compare.go:399.3,400.16 2 1
istio.io/istio/operator/pkg/compare/compare.go:404.3,405.17 2 1
istio.io/istio/operator/pkg/compare/compare.go:409.3,410.14 2 1
istio.io/istio/operator/pkg/compare/compare.go:417.3,417.17 1 1
istio.io/istio/operator/pkg/compare/compare.go:396.17,398.4 1 0
istio.io/istio/operator/pkg/compare/compare.go:400.16,402.12 2 1
istio.io/istio/operator/pkg/compare/compare.go:405.17,407.4 1 0
istio.io/istio/operator/pkg/compare/compare.go:410.14,412.4 1 1
istio.io/istio/operator/pkg/compare/compare.go:412.9,415.4 2 1
istio.io/istio/operator/pkg/compare/compare.go:417.17,419.4 1 1
istio.io/istio/operator/pkg/compare/compare.go:421.22,423.16 2 1
istio.io/istio/operator/pkg/compare/compare.go:423.16,425.12 2 1
istio.io/istio/operator/pkg/compare/compare.go:430.21,432.3 1 1
istio.io/istio/operator/pkg/compare/compare.go:435.22,437.3 1 1
istio.io/istio/operator/pkg/compare/compare.go:442.49,444.18 2 1
istio.io/istio/operator/pkg/compare/compare.go:447.2,447.43 1 1
istio.io/istio/operator/pkg/compare/compare.go:457.2,457.11 1 1
istio.io/istio/operator/pkg/compare/compare.go:444.18,446.3 1 1
istio.io/istio/operator/pkg/compare/compare.go:447.43,449.21 2 1
istio.io/istio/operator/pkg/compare/compare.go:453.3,455.17 3 0
istio.io/istio/operator/pkg/compare/compare.go:449.21,451.12 2 1
istio.io/istio/operator/pkg/compare/compare.go:460.50,462.18 2 1
istio.io/istio/operator/pkg/compare/compare.go:465.2,465.43 1 1
istio.io/istio/operator/pkg/compare/compare.go:472.2,472.11 1 1
istio.io/istio/operator/pkg/compare/compare.go:462.18,464.3 1 1
istio.io/istio/operator/pkg/compare/compare.go:465.43,467.22 2 1
istio.io/istio/operator/pkg/compare/compare.go:470.3,470.26 1 1
istio.io/istio/operator/pkg/compare/compare.go:467.22,468.12 1 0
istio.io/istio/operator/pkg/compare/compare.go:475.88,476.15 1 1
istio.io/istio/operator/pkg/compare/compare.go:479.2,479.28 1 1
istio.io/istio/operator/pkg/compare/compare.go:491.2,491.20 1 1
istio.io/istio/operator/pkg/compare/compare.go:476.15,478.3 1 1
istio.io/istio/operator/pkg/compare/compare.go:479.28,480.17 1 1
istio.io/istio/operator/pkg/compare/compare.go:483.3,484.17 2 0
istio.io/istio/operator/pkg/compare/compare.go:487.3,487.33 1 0
istio.io/istio/operator/pkg/compare/compare.go:480.17,481.12 1 1
istio.io/istio/operator/pkg/compare/compare.go:484.17,485.12 1 0
istio.io/istio/operator/pkg/compare/compare.go:487.33,489.4 1 0
istio.io/istio/operator/pkg/compare/compare.go:494.52,496.16 2 1
istio.io/istio/operator/pkg/compare/compare.go:496.16,498.3 1 0
istio.io/istio/operator/pkg/compare/compare.go:502.40,504.2 1 1
istio.io/istio/operator/pkg/helm/helm.go:66.110,68.9 2 0
istio.io/istio/operator/pkg/helm/helm.go:69.29,70.60 1 0
istio.io/istio/operator/pkg/helm/helm.go:71.10,72.101 1 0
istio.io/istio/operator/pkg/helm/helm.go:78.69,83.9 3 0
istio.io/istio/operator/pkg/helm/helm.go:98.2,98.26 1 0
istio.io/istio/operator/pkg/helm/helm.go:84.27,85.61 1 0
istio.io/istio/operator/pkg/helm/helm.go:88.32,89.56 1 0
istio.io/istio/operator/pkg/helm/helm.go:92.10,93.73 1 0
istio.io/istio/operator/pkg/helm/helm.go:85.61,87.4 1 0
istio.io/istio/operator/pkg/helm/helm.go:89.56,91.4 1 0
istio.io/istio/operator/pkg/helm/helm.go:93.73,95.4 1 0
istio.io/istio/operator/pkg/helm/helm.go:102.110,108.67 3 1
istio.io/istio/operator/pkg/helm/helm.go:112.2,113.16 2 1
istio.io/istio/operator/pkg/helm/helm.go:117.2,117.23 1 1
istio.io/istio/operator/pkg/helm/helm.go:127.2,129.16 3 1
istio.io/istio/operator/pkg/helm/helm.go:132.2,132.34 1 1
istio.io/istio/operator/pkg/helm/helm.go:140.2,141.23 2 1
istio.io/istio/operator/pkg/helm/helm.go:147.2,150.33 3 1
istio.io/istio/operator/pkg/helm/helm.go:164.2,164.43 1 1
istio.io/istio/operator/pkg/helm/helm.go:165.2,165.35 1 1
istio.io/istio/operator/pkg/helm/helm.go:178.2,178.25 1 1
istio.io/istio/operator/pkg/helm/helm.go:108.67,110.3 1 0
istio.io/istio/operator/pkg/helm/helm.go:113.16,115.3 1 0
istio.io/istio/operator/pkg/helm/helm.go:117.23,119.36 2 0
istio.io/istio/operator/pkg/helm/helm.go:124.3,124.37 1 0
istio.io/istio/operator/pkg/helm/helm.go:119.36,120.26 1 0
istio.io/istio/operator/pkg/helm/helm.go:120.26,122.5 1 0
istio.io/istio/operator/pkg/helm/helm.go:129.16,131.3 1 0
istio.io/istio/operator/pkg/helm/helm.go:132.34,134.102 2 0
istio.io/istio/operator/pkg/helm/helm.go:134.102,136.4 1 0
istio.io/istio/operator/pkg/helm/helm.go:141.23,142.48 1 1
istio.io/istio/operator/pkg/helm/helm.go:145.3,145.25 1 1
istio.io/istio/operator/pkg/helm/helm.go:142.48,143.12 1 0
istio.io/istio/operator/pkg/helm/helm.go:150.33,154.43 3 1
istio.io/istio/operator/pkg/helm/helm.go:157.3,158.17 2 1
istio.io/istio/operator/pkg/helm/helm.go:154.43,156.4 1 1
istio.io/istio/operator/pkg/helm/helm.go:158.17,160.4 1 0
istio.io/istio/operator/pkg/helm/helm.go:164.43,164.89 1 0
istio.io/istio/operator/pkg/helm/helm.go:165.35,169.43 3 0
istio.io/istio/operator/pkg/helm/helm.go:172.3,173.17 2 0
istio.io/istio/operator/pkg/helm/helm.go:169.43,171.4 1 0
istio.io/istio/operator/pkg/helm/helm.go:173.17,175.4 1 0
istio.io/istio/operator/pkg/helm/helm.go:182.61,196.2 3 0
istio.io/istio/operator/pkg/helm/helm.go:199.66,201.16 2 0
istio.io/istio/operator/pkg/helm/helm.go:204.2,206.16 3 0
istio.io/istio/operator/pkg/helm/helm.go:209.2,209.26 1 0
istio.io/istio/operator/pkg/helm/helm.go:201.16,203.3 1 0
istio.io/istio/operator/pkg/helm/helm.go:206.16,208.3 1 0
istio.io/istio/operator/pkg/helm/helm.go:213.55,214.9 1 0
istio.io/istio/operator/pkg/helm/helm.go:215.32,216.70 1 0
istio.io/istio/operator/pkg/helm/helm.go:217.10,218.30 1 0
istio.io/istio/operator/pkg/helm/helm.go:223.44,225.2 1 0
istio.io/istio/operator/pkg/helm/helm.go:227.44,230.2 2 0
istio.io/istio/operator/pkg/helm/helm.go:234.79,235.25 1 0
istio.io/istio/operator/pkg/helm/helm.go:238.2,239.16 2 0
istio.io/istio/operator/pkg/helm/helm.go:243.2,243.57 1 0
istio.io/istio/operator/pkg/helm/helm.go:247.2,248.16 2 0
istio.io/istio/operator/pkg/helm/helm.go:252.2,252.38 1 0
istio.io/istio/operator/pkg/helm/helm.go:265.2,265.24 1 0
istio.io/istio/operator/pkg/helm/helm.go:235.25,237.3 1 0
istio.io/istio/operator/pkg/helm/helm.go:239.16,241.3 1 0
istio.io/istio/operator/pkg/helm/helm.go:243.57,245.3 1 0
istio.io/istio/operator/pkg/helm/helm.go:248.16,250.3 1 0
istio.io/istio/operator/pkg/helm/helm.go:252.38,256.17 3 0
istio.io/istio/operator/pkg/helm/helm.go:259.3,260.17 2 0
istio.io/istio/operator/pkg/helm/helm.go:256.17,258.4 1 0
istio.io/istio/operator/pkg/helm/helm.go:260.17,262.4 1 0
istio.io/istio/operator/pkg/helm/urlfetcher.go:58.64,59.23 1 1
istio.io/istio/operator/pkg/helm/urlfetcher.go:62.2,65.3 1 1
istio.io/istio/operator/pkg/helm/urlfetcher.go:59.23,61.3 1 0
istio.io/istio/operator/pkg/helm/urlfetcher.go:69.39,73.2 2 0
istio.io/istio/operator/pkg/helm/urlfetcher.go:76.36,77.50 1 1
istio.io/istio/operator/pkg/helm/urlfetcher.go:80.2,80.58 1 1
istio.io/istio/operator/pkg/helm/urlfetcher.go:86.2,87.16 2 1
istio.io/istio/operator/pkg/helm/urlfetcher.go:90.2,91.16 2 1
istio.io/istio/operator/pkg/helm/urlfetcher.go:94.2,97.46 3 1
istio.io/istio/operator/pkg/helm/urlfetcher.go:77.50,79.3 1 0
istio.io/istio/operator/pkg/helm/urlfetcher.go:80.58,82.17 2 0
istio.io/istio/operator/pkg/helm/urlfetcher.go:82.17,84.4 1 0
istio.io/istio/operator/pkg/helm/urlfetcher.go:87.16,89.3 1 0
istio.io/istio/operator/pkg/helm/urlfetcher.go:91.16,93.3 1 0
istio.io/istio/operator/pkg/helm/urlfetcher.go:101.54,103.16 2 1
istio.io/istio/operator/pkg/helm/urlfetcher.go:106.2,107.16 2 1
istio.io/istio/operator/pkg/helm/urlfetcher.go:111.2,113.63 3 1
istio.io/istio/operator/pkg/helm/urlfetcher.go:117.2,117.22 1 1
istio.io/istio/operator/pkg/helm/urlfetcher.go:103.16,105.3 1 0
istio.io/istio/operator/pkg/helm/urlfetcher.go:107.16,109.3 1 0
istio.io/istio/operator/pkg/helm/urlfetcher.go:113.63,115.3 1 0
istio.io/istio/operator/pkg/helm/urlfetcher.go:123.65,127.33 4 1
istio.io/istio/operator/pkg/helm/urlfetcher.go:130.2,131.16 2 1
istio.io/istio/operator/pkg/helm/urlfetcher.go:135.2,135.26 1 1
istio.io/istio/operator/pkg/helm/urlfetcher.go:140.2,140.52 1 1
istio.io/istio/operator/pkg/helm/urlfetcher.go:127.33,129.3 1 0
istio.io/istio/operator/pkg/helm/urlfetcher.go:131.16,133.3 1 0
istio.io/istio/operator/pkg/helm/urlfetcher.go:135.26,138.3 1 0
istio.io/istio/operator/pkg/helm/vfs_renderer.go:57.85,64.2 2 0
istio.io/istio/operator/pkg/helm/vfs_renderer.go:67.35,68.48 1 0
istio.io/istio/operator/pkg/helm/vfs_renderer.go:71.2,72.38 2 0
istio.io/istio/operator/pkg/helm/vfs_renderer.go:75.2,76.12 2 0
istio.io/istio/operator/pkg/helm/vfs_renderer.go:68.48,70.3 1 0
istio.io/istio/operator/pkg/helm/vfs_renderer.go:72.38,74.3 1 0
istio.io/istio/operator/pkg/helm/vfs_renderer.go:81.69,82.16 1 0
istio.io/istio/operator/pkg/helm/vfs_renderer.go:85.2,85.55 1 0
istio.io/istio/operator/pkg/helm/vfs_renderer.go:82.16,84.3 1 0
istio.io/istio/operator/pkg/helm/vfs_renderer.go:89.104,90.16 1 0
istio.io/istio/operator/pkg/helm/vfs_renderer.go:93.2,93.58 1 0
istio.io/istio/operator/pkg/helm/vfs_renderer.go:90.16,92.3 1 0
istio.io/istio/operator/pkg/helm/vfs_renderer.go:97.56,98.48 1 0
istio.io/istio/operator/pkg/helm/vfs_renderer.go:101.2,104.23 4 0
istio.io/istio/operator/pkg/helm/vfs_renderer.go:98.48,100.3 1 0
istio.io/istio/operator/pkg/helm/vfs_renderer.go:107.71,112.2 4 0
istio.io/istio/operator/pkg/helm/vfs_renderer.go:114.62,116.19 2 0
istio.io/istio/operator/pkg/helm/vfs_renderer.go:144.2,144.22 1 0
istio.io/istio/operator/pkg/helm/vfs_renderer.go:117.10,118.49 1 0
istio.io/istio/operator/pkg/helm/vfs_renderer.go:121.3,122.17 2 0
istio.io/istio/operator/pkg/helm/vfs_renderer.go:125.3,125.34 1 0
istio.io/istio/operator/pkg/helm/vfs_renderer.go:132.10,134.17 2 0
istio.io/istio/operator/pkg/helm/vfs_renderer.go:137.3,137.25 1 0
istio.io/istio/operator/pkg/helm/vfs_renderer.go:118.49,120.4 1 0
istio.io/istio/operator/pkg/helm/vfs_renderer.go:122.17,124.4 1 0
istio.io/istio/operator/pkg/helm/vfs_renderer.go:125.34,128.26 2 0
istio.io/istio/operator/pkg/helm/vfs_renderer.go:128.26,130.5 1 0
istio.io/istio/operator/pkg/helm/vfs_renderer.go:134.17,136.4 1 0
istio.io/istio/operator/pkg/helm/vfs_renderer.go:137.25,139.33 2 0
istio.io/istio/operator/pkg/helm/vfs_renderer.go:139.33,141.5 1 0
istio.io/istio/operator/pkg/helm/vfs_renderer.go:148.41,151.16 3 0
istio.io/istio/operator/pkg/helm/vfs_renderer.go:157.2,158.31 2 0
istio.io/istio/operator/pkg/helm/vfs_renderer.go:173.2,174.12 2 0
istio.io/istio/operator/pkg/helm/vfs_renderer.go:151.16,152.63 1 0
istio.io/istio/operator/pkg/helm/vfs_renderer.go:155.3,155.13 1 0
istio.io/istio/operator/pkg/helm/vfs_renderer.go:152.63,154.4 1 0
istio.io/istio/operator/pkg/helm/vfs_renderer.go:158.31,160.17 2 0
istio.io/istio/operator/pkg/helm/vfs_renderer.go:164.3,170.44 4 0
istio.io/istio/operator/pkg/helm/vfs_renderer.go:160.17,162.4 1 0
istio.io/istio/operator/pkg/helm/vfs_renderer.go:177.51,178.16 1 0
istio.io/istio/operator/pkg/helm/vfs_renderer.go:181.2,181.23 1 0
istio.io/istio/operator/pkg/helm/vfs_renderer.go:178.16,180.3 1 0
istio.io/istio/operator/pkg/helm/vfs_renderer.go:185.46,189.2 3 1
istio.io/istio/operator/pkg/helm/vfs_renderer.go:192.52,194.16 2 0
istio.io/istio/operator/pkg/helm/vfs_renderer.go:197.2,197.49 1 0
istio.io/istio/operator/pkg/helm/vfs_renderer.go:194.16,196.3 1 0
istio.io/istio/operator/pkg/helm/vfs_renderer.go:202.36,203.54 1 0
istio.io/istio/operator/pkg/helm/vfs_renderer.go:206.2,206.12 1 0
istio.io/istio/operator/pkg/helm/vfs_renderer.go:203.54,205.3 1 0
istio.io/istio/operator/pkg/helm/fs_renderer.go:36.103,42.2 1 1
istio.io/istio/operator/pkg/helm/fs_renderer.go:45.44,46.38 1 1
istio.io/istio/operator/pkg/helm/fs_renderer.go:50.2,51.12 2 1
istio.io/istio/operator/pkg/helm/fs_renderer.go:46.38,48.3 1 1
istio.io/istio/operator/pkg/helm/fs_renderer.go:55.78,56.16 1 1
istio.io/istio/operator/pkg/helm/fs_renderer.go:59.2,59.55 1 1
istio.io/istio/operator/pkg/helm/fs_renderer.go:56.16,58.3 1 1
istio.io/istio/operator/pkg/helm/fs_renderer.go:63.113,64.16 1 0
istio.io/istio/operator/pkg/helm/fs_renderer.go:67.2,67.58 1 0
istio.io/istio/operator/pkg/helm/fs_renderer.go:64.16,66.3 1 0
istio.io/istio/operator/pkg/helm/fs_renderer.go:77.55,78.45 1 1
istio.io/istio/operator/pkg/helm/fs_renderer.go:82.2,82.61 1 1
istio.io/istio/operator/pkg/helm/fs_renderer.go:78.45,81.3 1 0
istio.io/istio/operator/pkg/helm/fs_renderer.go:86.50,88.64 2 1
istio.io/istio/operator/pkg/helm/fs_renderer.go:94.2,94.12 1 1
istio.io/istio/operator/pkg/helm/fs_renderer.go:88.64,89.25 1 1
istio.io/istio/operator/pkg/helm/fs_renderer.go:92.3,92.13 1 0
istio.io/istio/operator/pkg/helm/fs_renderer.go:89.25,91.4 1 1
istio.io/istio/operator/pkg/controlplane/control_plane.go:37.130,43.47 3 1
istio.io/istio/operator/pkg/controlplane/control_plane.go:53.2,53.35 1 1
istio.io/istio/operator/pkg/controlplane/control_plane.go:65.2,65.17 1 1
istio.io/istio/operator/pkg/controlplane/control_plane.go:43.47,46.17 3 1
istio.io/istio/operator/pkg/controlplane/control_plane.go:49.3,50.77 2 1
istio.io/istio/operator/pkg/controlplane/control_plane.go:46.17,48.4 1 0
istio.io/istio/operator/pkg/controlplane/control_plane.go:53.35,54.62 1 0
istio.io/istio/operator/pkg/controlplane/control_plane.go:59.3,59.61 1 0
istio.io/istio/operator/pkg/controlplane/control_plane.go:54.62,58.4 3 0
istio.io/istio/operator/pkg/controlplane/control_plane.go:59.61,63.4 3 0
istio.io/istio/operator/pkg/controlplane/control_plane.go:68.73,70.19 2 1
istio.io/istio/operator/pkg/controlplane/control_plane.go:73.2,74.13 2 1
istio.io/istio/operator/pkg/controlplane/control_plane.go:70.19,72.3 1 1
istio.io/istio/operator/pkg/controlplane/control_plane.go:77.46,78.15 1 0
istio.io/istio/operator/pkg/controlplane/control_plane.go:81.2,81.12 1 0
istio.io/istio/operator/pkg/controlplane/control_plane.go:78.15,80.3 1 0
istio.io/istio/operator/pkg/controlplane/control_plane.go:85.41,86.33 1 0
istio.io/istio/operator/pkg/controlplane/control_plane.go:91.2,92.12 2 0
istio.io/istio/operator/pkg/controlplane/control_plane.go:86.33,87.33 1 0
istio.io/istio/operator/pkg/controlplane/control_plane.go:87.33,89.4 1 0
istio.io/istio/operator/pkg/controlplane/control_plane.go:96.96,97.16 1 1
istio.io/istio/operator/pkg/controlplane/control_plane.go:101.2,102.33 2 1
istio.io/istio/operator/pkg/controlplane/control_plane.go:107.2,107.22 1 1
istio.io/istio/operator/pkg/controlplane/control_plane.go:110.2,110.8 1 0
istio.io/istio/operator/pkg/controlplane/control_plane.go:97.16,99.3 1 1
istio.io/istio/operator/pkg/controlplane/control_plane.go:102.33,106.3 3 1
istio.io/istio/operator/pkg/controlplane/control_plane.go:107.22,109.3 1 1
istio.io/istio/operator/pkg/controlplane/control_plane.go:114.89,115.46 1 1
istio.io/istio/operator/pkg/controlplane/control_plane.go:118.2,118.42 1 1
istio.io/istio/operator/pkg/controlplane/control_plane.go:121.2,121.41 1 1
istio.io/istio/operator/pkg/controlplane/control_plane.go:135.2,135.13 1 1
istio.io/istio/operator/pkg/controlplane/control_plane.go:115.46,117.3 1 0
istio.io/istio/operator/pkg/controlplane/control_plane.go:118.42,120.3 1 0
istio.io/istio/operator/pkg/controlplane/control_plane.go:121.41,122.71 1 1
istio.io/istio/operator/pkg/controlplane/control_plane.go:125.3,125.63 1 1
istio.io/istio/operator/pkg/controlplane/control_plane.go:128.3,128.59 1 1
istio.io/istio/operator/pkg/controlplane/control_plane.go:131.3,131.69 1 1
istio.io/istio/operator/pkg/controlplane/control_plane.go:122.71,124.4 1 0
istio.io/istio/operator/pkg/controlplane/control_plane.go:125.63,127.4 1 0
istio.io/istio/operator/pkg/controlplane/control_plane.go:128.59,130.4 1 0
istio.io/istio/operator/pkg/controlplane/control_plane.go:131.69,133.4 1 0
istio.io/istio/operator/pkg/apis/istio/v1alpha1/register.go:46.13,48.2 1 1
istio.io/istio/operator/pkg/apis/istio/v1alpha1/values_types.pb.go:54.48,56.2 1 0
istio.io/istio/operator/pkg/apis/istio/v1alpha1/values_types.pb.go:58.63,60.2 1 0
istio.io/istio/operator/pkg/apis/istio/v1alpha1/values_types.pb.go:89.33,91.2 1 0
istio.io/istio/operator/pkg/apis/istio/v1alpha1/values_types.pb.go:93.48,95.2 1 0
istio.io/istio/operator/pkg/apis/istio/v1alpha1/values_types.pb.go:117.59,119.2 1 0
istio.io/istio/operator/pkg/apis/istio/v1alpha1/values_types.pb.go:121.74,123.2 1 0
istio.io/istio/operator/pkg/apis/istio/v1alpha1/values_types.pb.go:151.69,153.2 1 0
istio.io/istio/operator/pkg/apis/istio/v1alpha1/values_types.pb.go:155.84,157.2 1 0
istio.io/istio/operator/pkg/apis/istio/v1alpha1/values_types.pb.go:172.38,172.59 1 0
istio.io/istio/operator/pkg/apis/istio/v1alpha1/values_types.pb.go:173.38,173.75 1 0
istio.io/istio/operator/pkg/apis/istio/v1alpha1/values_types.pb.go:174.39,174.40 0 0
istio.io/istio/operator/pkg/apis/istio/v1alpha1/values_types.pb.go:175.49,177.2 1 0
istio.io/istio/operator/pkg/apis/istio/v1alpha1/values_types.pb.go:178.52,180.2 1 0
istio.io/istio/operator/pkg/apis/istio/v1alpha1/values_types.pb.go:181.80,183.2 1 0
istio.io/istio/operator/pkg/apis/istio/v1alpha1/values_types.pb.go:184.51,186.2 1 0
istio.io/istio/operator/pkg/apis/istio/v1alpha1/values_types.pb.go:187.37,189.2 1 0
istio.io/istio/operator/pkg/apis/istio/v1alpha1/values_types.pb.go:190.43,192.2 1 0
istio.io/istio/operator/pkg/apis/istio/v1alpha1/values_types.pb.go:196.40,197.14 1 0
istio.io/istio/operator/pkg/apis/istio/v1alpha1/values_types.pb.go:200.2,200.10 1 0
istio.io/istio/operator/pkg/apis/istio/v1alpha1/values_types.pb.go:197.14,199.3 1 0
istio.io/istio/operator/pkg/apis/istio/v1alpha1/values_types.pb.go:203.42,204.14 1 0
istio.io/istio/operator/pkg/apis/istio/v1alpha1/values_types.pb.go:207.2,207.10 1 0
istio.io/istio/operator/pkg/apis/istio/v1alpha1/values_types.pb.go:204.14,206.3 1 0
istio.io/istio/operator/pkg/apis/istio/v1alpha1/values_types.pb.go:210.40,211.14 1 0
istio.io/istio/operator/pkg/apis/istio/v1alpha1/values_types.pb.go:214.2,214.10 1 0
istio.io/istio/operator/pkg/apis/istio/v1alpha1/values_types.pb.go:211.14,213.3 1 0
istio.io/istio/operator/pkg/apis/istio/v1alpha1/values_types.pb.go:240.37,240.57 1 0
istio.io/istio/operator/pkg/apis/istio/v1alpha1/values_types.pb.go:241.37,241.74 1 0
istio.io/istio/operator/pkg/apis/istio/v1alpha1/values_types.pb.go:242.38,242.39 0 0
istio.io/istio/operator/pkg/apis/istio/v1alpha1/values_types.pb.go:243.48,245.2 1 0
istio.io/istio/operator/pkg/apis/istio/v1alpha1/values_types.pb.go:246.51,248.2 1 0
istio.io/istio/operator/pkg/apis/istio/v1alpha1/values_types.pb.go:249.79,251.2 1 0
istio.io/istio/operator/pkg/apis/istio/v1alpha1/values_types.pb.go:252.50,254.2 1 0
istio.io/istio/operator/pkg/apis/istio/v1alpha1/values_types.pb.go:255.36,257.2 1 0
istio.io/istio/operator/pkg/apis/istio/v1alpha1/values_types.pb.go:258.42,260.2 1 0
istio.io/istio/operator/pkg/apis/istio/v1alpha1/values_types.pb.go:264.54,265.14 1 0
istio.io/istio/operator/pkg/apis/istio/v1alpha1/values_types.pb.go:268.2,268.12 1 0
istio.io/istio/operator/pkg/apis/istio/v1alpha1/values_types.pb.go:265.14,267.3 1 0
istio.io/istio/operator/pkg/apis/istio/v1alpha1/values_types.pb.go:271.37,272.14 1 0
istio.io/istio/operator/pkg/apis/istio/v1alpha1/values_types.pb.go:275.2,275.11 1 0
istio.io/istio/operator/pkg/apis/istio/v1alpha1/values_types.pb.go:272.14,274.3 1 0
istio.io/istio/operator/pkg/apis/istio/v1alpha1/values_types.pb.go:278.42,279.14 1 0
istio.io/istio/operator/pkg/apis/istio/v1alpha1/values_types.pb.go:282.2,282.12 1 0
istio.io/istio/operator/pkg/apis/istio/v1alpha1/values_types.pb.go:279.14,281.3 1 0
istio.io/istio/operator/pkg/apis/istio/v1alpha1/values_types.pb.go:285.39,286.14 1 0
istio.io/istio/operator/pkg/apis/istio/v1alpha1/values_types.pb.go:289.2,289.11 1 0
istio.io/istio/operator/pkg/apis/istio/v1alpha1/values_types.pb.go:286.14,288.3 1 0
istio.io/istio/operator/pkg/apis/istio/v1alpha1/values_types.pb.go:292.44,293.14 1 0
istio.io/istio/operator/pkg/apis/istio/v1alpha1/values_types.pb.go:296.2,296.11 1 0
istio.io/istio/operator/pkg/apis/istio/v1alpha1/values_types.pb.go:293.14,295.3 1 0
istio.io/istio/operator/pkg/apis/istio/v1alpha1/values_types.pb.go:299.43,300.14 1 0
istio.io/istio/operator/pkg/apis/istio/v1alpha1/values_types.pb.go:303.2,303.11 1 0
istio.io/istio/operator/pkg/apis/istio/v1alpha1/values_types.pb.go:300.14,302.3 1 0
istio.io/istio/operator/pkg/apis/istio/v1alpha1/values_types.pb.go:306.44,307.14 1 0
istio.io/istio/operator/pkg/apis/istio/v1alpha1/values_types.pb.go:310.2,310.11 1 0
istio.io/istio/operator/pkg/apis/istio/v1alpha1/values_types.pb.go:307.14,309.3 1 0
istio.io/istio/operator/pkg/apis/istio/v1alpha1/values_types.pb.go:313.49,314.14 1 0
istio.io/istio/operator/pkg/apis/istio/v1alpha1/values_types.pb.go:317.2,317.11 1 0
istio.io/istio/operator/pkg/apis/istio/v1alpha1/values_types.pb.go:314.14,316.3 1 0
istio.io/istio/operator/pkg/apis/istio/v1alpha1/values_types.pb.go:320.53,321.14 1 0
istio.io/istio/operator/pkg/apis/istio/v1alpha1/values_types.pb.go:324.2,324.12 1 0
istio.io/istio/operator/pkg/apis/istio/v1alpha1/values_types.pb.go:321.14,323.3 1 0
istio.io/istio/operator/pkg/apis/istio/v1alpha1/values_types.pb.go:328.64,329.14 1 0
istio.io/istio/operator/pkg/apis/istio/v1alpha1/values_types.pb.go:332.2,332.12 1 0
istio.io/istio/operator/pkg/apis/istio/v1alpha1/values_types.pb.go:329.14,331.3 1 0
istio.io/istio/operator/pkg/apis/istio/v1alpha1/values_types.pb.go:335.48,336.14 1 0
istio.io/istio/operator/pkg/apis/istio/v1alpha1/values_types.pb.go:339.2,339.11 1 0
istio.io/istio/operator/pkg/apis/istio/v1alpha1/values_types.pb.go:336.14,338.3 1 0
istio.io/istio/operator/pkg/apis/istio/v1alpha1/values_types.pb.go:342.42,343.14 1 0
istio.io/istio/operator/pkg/apis/istio/v1alpha1/values_types.pb.go:346.2,346.11 1 0
istio.io/istio/operator/pkg/apis/istio/v1alpha1/values_types.pb.go:343.14,345.3 1 0
istio.io/istio/operator/pkg/apis/istio/v1alpha1/values_types.pb.go:349.50,350.14 1 0
istio.io/istio/operator/pkg/apis/istio/v1alpha1/values_types.pb.go:353.2,353.12 1 0
istio.io/istio/operator/pkg/apis/istio/v1alpha1/values_types.pb.go:350.14,352.3 1 0
istio.io/istio/operator/pkg/apis/istio/v1alpha1/values_types.pb.go:356.54,357.14 1 0
istio.io/istio/operator/pkg/apis/istio/v1alpha1/values_types.pb.go:360.2,360.12 1 0
istio.io/istio/operator/pkg/apis/istio/v1alpha1/values_types.pb.go:357.14,359.3 1 0
istio.io/istio/operator/pkg/apis/istio/v1alpha1/values_types.pb.go:363.48,364.14 1 0
istio.io/istio/operator/pkg/apis/istio/v1alpha1/values_types.pb.go:367.2,367.12 1 0
istio.io/istio/operator/pkg/apis/istio/v1alpha1/values_types.pb.go:364.14,366.3 1 0
istio.io/istio/operator/pkg/apis/istio/v1alpha1/values_types.pb.go:378.42,378.67 1 0
istio.io/istio/operator/pkg/apis/istio/v1alpha1/values_types.pb.go:379.42,379.79 1 0
istio.io/istio/operator/pkg/apis/istio/v1alpha1/values_types.pb.go:380.43,380.44 0 0
istio.io/istio/operator/pkg/apis/istio/v1alpha1/values_types.pb.go:381.53,383.2 1 0
istio.io/istio/operator/pkg/apis/istio/v1alpha1/values_types.pb.go:384.56,386.2 1 0
istio.io/istio/operator/pkg/apis/istio/v1alpha1/values_types.pb.go:387.84,389.2 1 0
istio.io/istio/operator/pkg/apis/istio/v1alpha1/values_types.pb.go:390.55,392.2 1 0
istio.io/istio/operator/pkg/apis/istio/v1alpha1/values_types.pb.go:393.41,395.2 1 0
istio.io/istio/operator/pkg/apis/istio/v1alpha1/values_types.pb.go:396.47,398.2 1 0
istio.io/istio/operator/pkg/apis/istio/v1alpha1/values_types.pb.go:402.59,403.14 1 0
istio.io/istio/operator/pkg/apis/istio/v1alpha1/values_types.pb.go:406.2,406.12 1 0
istio.io/istio/operator/pkg/apis/istio/v1alpha1/values_types.pb.go:403.14,405.3 1 0
istio.io/istio/operator/pkg/apis/istio/v1alpha1/values_types.pb.go:427.43,427.69 1 0
istio.io/istio/operator/pkg/apis/istio/v1alpha1/values_types.pb.go:428.43,428.80 1 0
istio.io/istio/operator/pkg/apis/istio/v1alpha1/values_types.pb.go:429.44,429.45 0 0
istio.io/istio/operator/pkg/apis/istio/v1alpha1/values_types.pb.go:430.54,432.2 1 0
istio.io/istio/operator/pkg/apis/istio/v1alpha1/values_types.pb.go:433.57,435.2 1 0
istio.io/istio/operator/pkg/apis/istio/v1alpha1/values_types.pb.go:436.85,438.2 1 0
istio.io/istio/operator/pkg/apis/istio/v1alpha1/values_types.pb.go:439.56,441.2 1 0
istio.io/istio/operator/pkg/apis/istio/v1alpha1/values_types.pb.go:442.42,444.2 1 0
istio.io/istio/operator/pkg/apis/istio/v1alpha1/values_types.pb.go:445.48,447.2 1 0
istio.io/istio/operator/pkg/apis/istio/v1alpha1/values_types.pb.go:451.60,452.14 1 0
istio.io/istio/operator/pkg/apis/istio/v1alpha1/values_types.pb.go:455.2,455.12 1 0
istio.io/istio/operator/pkg/apis/istio/v1alpha1/values_types.pb.go:452.14,454.3 1 0
istio.io/istio/operator/pkg/apis/istio/v1alpha1/values_types.pb.go:458.43,459.14 1 0
istio.io/istio/operator/pkg/apis/istio/v1alpha1/values_types.pb.go:462.2,462.11 1 0
istio.io/istio/operator/pkg/apis/istio/v1alpha1/values_types.pb.go:459.14,461.3 1 0
istio.io/istio/operator/pkg/apis/istio/v1alpha1/values_types.pb.go:465.48,466.14 1 0
istio.io/istio/operator/pkg/apis/istio/v1alpha1/values_types.pb.go:469.2,469.12 1 0
istio.io/istio/operator/pkg/apis/istio/v1alpha1/values_types.pb.go:466.14,468.3 1 0
istio.io/istio/operator/pkg/apis/istio/v1alpha1/values_types.pb.go:472.45,473.14 1 0
istio.io/istio/operator/pkg/apis/istio/v1alpha1/values_types.pb.go:476.2,476.11 1 0
istio.io/istio/operator/pkg/apis/istio/v1alpha1/values_types.pb.go:473.14,475.3 1 0
istio.io/istio/operator/pkg/apis/istio/v1alpha1/values_types.pb.go:479.47,480.14 1 0
istio.io/istio/operator/pkg/apis/istio/v1alpha1/values_types.pb.go:483.2,483.14 1 0
istio.io/istio/operator/pkg/apis/istio/v1alpha1/values_types.pb.go:480.14,482.3 1 0
istio.io/istio/operator/pkg/apis/istio/v1alpha1/values_types.pb.go:487.52,488.14 1 0
istio.io/istio/operator/pkg/apis/istio/v1alpha1/values_types.pb.go:491.2,491.11 1 0
istio.io/istio/operator/pkg/apis/istio/v1alpha1/values_types.pb.go:488.14,490.3 1 0
istio.io/istio/operator/pkg/apis/istio/v1alpha1/values_types.pb.go:494.48,495.14 1 0
istio.io/istio/operator/pkg/apis/istio/v1alpha1/values_types.pb.go:498.2,498.14 1 0
istio.io/istio/operator/pkg/apis/istio/v1alpha1/values_types.pb.go:495.14,497.3 1 0
istio.io/istio/operator/pkg/apis/istio/v1alpha1/values_types.pb.go:501.57,502.14 1 0
istio.io/istio/operator/pkg/apis/istio/v1alpha1/values_types.pb.go:505.2,505.11 1 0
istio.io/istio/operator/pkg/apis/istio/v1alpha1/values_types.pb.go:502.14,504.3 1 0
istio.io/istio/operator/pkg/apis/istio/v1alpha1/values_types.pb.go:508.59,509.14 1 0
istio.io/istio/operator/pkg/apis/istio/v1alpha1/values_types.pb.go:512.2,512.11 1 0
istio.io/istio/operator/pkg/apis/istio/v1alpha1/values_types.pb.go:509.14,511.3 1 0
istio.io/istio/operator/pkg/apis/istio/v1alpha1/values_types.pb.go:515.57,516.14 1 0
istio.io/istio/operator/pkg/apis/istio/v1alpha1/values_types.pb.go:519.2,519.11 1 0
istio.io/istio/operator/pkg/apis/istio/v1alpha1/values_types.pb.go:516.14,518.3 1 0
istio.io/istio/operator/pkg/apis/istio/v1alpha1/values_types.pb.go:533.54,533.91 1 0
istio.io/istio/operator/pkg/apis/istio/v1alpha1/values_types.pb.go:534.54,534.91 1 0
istio.io/istio/operator/pkg/apis/istio/v1alpha1/values_types.pb.go:535.55,535.56 0 0
istio.io/istio/operator/pkg/apis/istio/v1alpha1/values_types.pb.go:536.65,538.2 1 0
istio.io/istio/operator/pkg/apis/istio/v1alpha1/values_types.pb.go:539.68,541.2 1 0
istio.io/istio/operator/pkg/apis/istio/v1alpha1/values_types.pb.go:542.96,544.2 1 0
istio.io/istio/operator/pkg/apis/istio/v1alpha1/values_types.pb.go:545.67,547.2 1 0
istio.io/istio/operator/pkg/apis/istio/v1alpha1/values_types.pb.go:548.53,550.2 1 0
istio.io/istio/operator/pkg/apis/istio/v1alpha1/values_types.pb.go:551.59,553.2 1 0
istio.io/istio/operator/pkg/apis/istio/v1alpha1/values_types.pb.go:557.74,558.14 1 0
istio.io/istio/operator/pkg/apis/istio/v1alpha1/values_types.pb.go:561.2,561.10 1 0
istio.io/istio/operator/pkg/apis/istio/v1alpha1/values_types.pb.go:558.14,560.3 1 0
istio.io/istio/operator/pkg/apis/istio/v1alpha1/values_types.pb.go:573.37,573.57 1 0
istio.io/istio/operator/pkg/apis/istio/v1alpha1/values_types.pb.go:574.37,574.74 1 0
istio.io/istio/operator/pkg/apis/istio/v1alpha1/values_types.pb.go:575.38,575.39 0 0
istio.io/istio/operator/pkg/apis/istio/v1alpha1/values_types.pb.go:576.48,578.2 1 0
istio.io/istio/operator/pkg/apis/istio/v1alpha1/values_types.pb.go:579.51,581.2 1 0
istio.io/istio/operator/pkg/apis/istio/v1alpha1/values_types.pb.go:582.79,584.2 1 0
istio.io/istio/operator/pkg/apis/istio/v1alpha1/values_types.pb.go:585.50,587.2 1 0
istio.io/istio/operator/pkg/apis/istio/v1alpha1/values_types.pb.go:588.36,590.2 1 0
istio.io/istio/operator/pkg/apis/istio/v1alpha1/values_types.pb.go:591.42,593.2 1 0
istio.io/istio/operator/pkg/apis/istio/v1alpha1/values_types.pb.go:597.51,598.14 1 0
istio.io/istio/operator/pkg/apis/istio/v1alpha1/values_types.pb.go:601.2,601.12 1 0
istio.io/istio/operator/pkg/apis/istio/v1alpha1/values_types.pb.go:598.14,600.3 1 0
istio.io/istio/operator/pkg/apis/istio/v1alpha1/values_types.pb.go:604.53,605.14 1 0
istio.io/istio/operator/pkg/apis/istio/v1alpha1/values_types.pb.go:608.2,608.12 1 0
istio.io/istio/operator/pkg/apis/istio/v1alpha1/values_types.pb.go:605.14,607.3 1 0
istio.io/istio/operator/pkg/apis/istio/v1alpha1/values_types.pb.go:622.60,622.103 1 0
istio.io/istio/operator/pkg/apis/istio/v1alpha1/values_types.pb.go:623.60,623.97 1 0
istio.io/istio/operator/pkg/apis/istio/v1alpha1/values_types.pb.go:624.61,624.62 0 0
istio.io/istio/operator/pkg/apis/istio/v1alpha1/values_types.pb.go:625.71,627.2 1 0
istio.io/istio/operator/pkg/apis/istio/v1alpha1/values_types.pb.go:628.74,630.2 1 0
istio.io/istio/operator/pkg/apis/istio/v1alpha1/values_types.pb.go:631.102,633.2 1 0
istio.io/istio/operator/pkg/apis/istio/v1alpha1/values_types.pb.go:634.73,636.2 1 0
istio.io/istio/operator/pkg/apis/istio/v1alpha1/values_types.pb.go:637.59,639.2 1 0
istio.io/istio/operator/pkg/apis/istio/v1alpha1/values_types.pb.go:640.65,642.2 1 0
istio.io/istio/operator/pkg/apis/istio/v1alpha1/values_types.pb.go:646.77,647.14 1 0
istio.io/istio/operator/pkg/apis/istio/v1alpha1/values_types.pb.go:650.2,650.12 1 0
istio.io/istio/operator/pkg/apis/istio/v1alpha1/values_types.pb.go:647.14,649.3 1 0
istio.io/istio/operator/pkg/apis/istio/v1alpha1/values_types.pb.go:664.50,664.83 1 0
istio.io/istio/operator/pkg/apis/istio/v1alpha1/values_types.pb.go:665.50,665.87 1 0
istio.io/istio/operator/pkg/apis/istio/v1alpha1/values_types.pb.go:666.51,666.52 0 0
istio.io/istio/operator/pkg/apis/istio/v1alpha1/values_types.pb.go:667.61,669.2 1 0
istio.io/istio/operator/pkg/apis/istio/v1alpha1/values_types.pb.go:670.64,672.2 1 0
istio.io/istio/operator/pkg/apis/istio/v1alpha1/values_types.pb.go:673.92,675.2 1 0
istio.io/istio/operator/pkg/apis/istio/v1alpha1/values_types.pb.go:676.63,678.2 1 0
istio.io/istio/operator/pkg/apis/istio/v1alpha1/values_types.pb.go:679.49,681.2 1 0
istio.io/istio/operator/pkg/apis/istio/v1alpha1/values_types.pb.go:682.55,684.2 1 0
istio.io/istio/operator/pkg/apis/istio/v1alpha1/values_types.pb.go:688.73,689.14 1 0
istio.io/istio/operator/pkg/apis/istio/v1alpha1/values_types.pb.go:692.2,692.12 1 0
istio.io/istio/operator/pkg/apis/istio/v1alpha1/values_types.pb.go:689.14,691.3 1 0
istio.io/istio/operator/pkg/apis/istio/v1alpha1/values_types.pb.go:777.47,777.77 1 0
istio.io/istio/operator/pkg/apis/istio/v1alpha1/values_types.pb.go:778.47,778.84 1 0
istio.io/istio/operator/pkg/apis/istio/v1alpha1/values_types.pb.go:779.48,779.49 0 0
istio.io/istio/operator/pkg/apis/istio/v1alpha1/values_types.pb.go:780.58,782.2 1 0
istio.io/istio/operator/pkg/apis/istio/v1alpha1/values_types.pb.go:783.61,785.2 1 0
istio.io/istio/operator/pkg/apis/istio/v1alpha1/values_types.pb.go:786.89,788.2 1 0
istio.io/istio/operator/pkg/apis/istio/v1alpha1/values_types.pb.go:789.60,791.2 1 0
istio.io/istio/operator/pkg/apis/istio/v1alpha1/values_types.pb.go:792.46,794.2 1 0
istio.io/istio/operator/pkg/apis/istio/v1alpha1/values_types.pb.go:795.52,797.2 1 0
istio.io/istio/operator/pkg/apis/istio/v1alpha1/values_types.pb.go:801.73,802.14 1 0
istio.io/istio/operator/pkg/apis/istio/v1alpha1/values_types.pb.go:805.2,805.12 1 0
istio.io/istio/operator/pkg/apis/istio/v1alpha1/values_types.pb.go:802.14,804.3 1 0
istio.io/istio/operator/pkg/apis/istio/v1alpha1/values_types.pb.go:808.56,809.14 1 0
istio.io/istio/operator/pkg/apis/istio/v1alpha1/values_types.pb.go:812.2,812.10 1 0
istio.io/istio/operator/pkg/apis/istio/v1alpha1/values_types.pb.go:809.14,811.3 1 0
istio.io/istio/operator/pkg/apis/istio/v1alpha1/values_types.pb.go:815.56,816.14 1 0
istio.io/istio/operator/pkg/apis/istio/v1alpha1/values_types.pb.go:819.2,819.10 1 0
istio.io/istio/operator/pkg/apis/istio/v1alpha1/values_types.pb.go:816.14,818.3 1 0
istio.io/istio/operator/pkg/apis/istio/v1alpha1/values_types.pb.go:823.68,824.14 1 0
istio.io/istio/operator/pkg/apis/istio/v1alpha1/values_types.pb.go:827.2,827.12 1 0
istio.io/istio/operator/pkg/apis/istio/v1alpha1/values_types.pb.go:824.14,826.3 1 0
istio.io/istio/operator/pkg/apis/istio/v1alpha1/values_types.pb.go:830.64,831.14 1 0
istio.io/istio/operator/pkg/apis/istio/v1alpha1/values_types.pb.go:834.2,834.12 1 0
istio.io/istio/operator/pkg/apis/istio/v1alpha1/values_types.pb.go:831.14,833.3 1 0
istio.io/istio/operator/pkg/apis/istio/v1alpha1/values_types.pb.go:837.63,838.14 1 0
istio.io/istio/operator/pkg/apis/istio/v1alpha1/values_types.pb.go:841.2,841.12 1 0
istio.io/istio/operator/pkg/apis/istio/v1alpha1/values_types.pb.go:838.14,840.3 1 0
istio.io/istio/operator/pkg/apis/istio/v1alpha1/values_types.pb.go:844.61,845.14 1 0
istio.io/istio/operator/pkg/apis/istio/v1alpha1/values_types.pb.go:848.2,848.12 1 0
istio.io/istio/operator/pkg/apis/istio/v1alpha1/values_types.pb.go:845.14,847.3 1 0
istio.io/istio/operator/pkg/apis/istio/v1alpha1/values_types.pb.go:851.48,852.14 1 0
istio.io/istio/operator/pkg/apis/istio/v1alpha1/values_types.pb.go:855.2,855.11 1 0
istio.io/istio/operator/pkg/apis/istio/v1alpha1/values_types.pb.go:852.14,854.3 1 0
istio.io/istio/operator/pkg/apis/istio/v1alpha1/values_types.pb.go:859.72,860.14 1 0
istio.io/istio/operator/pkg/apis/istio/v1alpha1/values_types.pb.go:863.2,863.12 1 0
istio.io/istio/operator/pkg/apis/istio/v1alpha1/values_types.pb.go:860.14,862.3 1 0
istio.io/istio/operator/pkg/apis/istio/v1alpha1/values_types.pb.go:867.74,868.14 1 0
istio.io/istio/operator/pkg/apis/istio/v1alpha1/values_types.pb.go:871.2,871.12 1 0
istio.io/istio/operator/pkg/apis/istio/v1alpha1/values_types.pb.go:868.14,870.3 1 0
istio.io/istio/operator/pkg/apis/istio/v1alpha1/values_types.pb.go:875.90,876.14 1 0
istio.io/istio/operator/pkg/apis/istio/v1alpha1/values_types.pb.go:879.2,879.12 1 0
istio.io/istio/operator/pkg/apis/istio/v1alpha1/values_types.pb.go:876.14,878.3 1 0
istio.io/istio/operator/pkg/apis/istio/v1alpha1/values_types.pb.go:883.94,884.14 1 0
istio.io/istio/operator/pkg/apis/istio/v1alpha1/values_types.pb.go:887.2,887.12 1 0
istio.io/istio/operator/pkg/apis/istio/v1alpha1/values_types.pb.go:884.14,886.3 1 0
istio.io/istio/operator/pkg/apis/istio/v1alpha1/values_types.pb.go:890.57,891.14 1 0
istio.io/istio/operator/pkg/apis/istio/v1alpha1/values_types.pb.go:894.2,894.12 1 0
istio.io/istio/operator/pkg/apis/istio/v1alpha1/values_types.pb.go:891.14,893.3 1 0
istio.io/istio/operator/pkg/apis/istio/v1alpha1/values_types.pb.go:898.57,899.14 1 0
istio.io/istio/operator/pkg/apis/istio/v1alpha1/values_types.pb.go:902.2,902.12 1 0
istio.io/istio/operator/pkg/apis/istio/v1alpha1/values_types.pb.go:899.14,901.3 1 0
istio.io/istio/operator/pkg/apis/istio/v1alpha1/values_types.pb.go:905.66,906.14 1 0
istio.io/istio/operator/pkg/apis/istio/v1alpha1/values_types.pb.go:909.2,909.12 1 0
istio.io/istio/operator/pkg/apis/istio/v1alpha1/values_types.pb.go:906.14,908.3 1 0
istio.io/istio/operator/pkg/apis/istio/v1alpha1/values_types.pb.go:912.78,913.14 1 0
istio.io/istio/operator/pkg/apis/istio/v1alpha1/values_types.pb.go:916.2,916.12 1 0
istio.io/istio/operator/pkg/apis/istio/v1alpha1/values_types.pb.go:913.14,915.3 1 0
istio.io/istio/operator/pkg/apis/istio/v1alpha1/values_types.pb.go:919.48,920.14 1 0
istio.io/istio/operator/pkg/apis/istio/v1alpha1/values_types.pb.go:923.2,923.11 1 0
istio.io/istio/operator/pkg/apis/istio/v1alpha1/values_types.pb.go:920.14,922.3 1 0
istio.io/istio/operator/pkg/apis/istio/v1alpha1/values_types.pb.go:926.56,927.14 1 0
istio.io/istio/operator/pkg/apis/istio/v1alpha1/values_types.pb.go:930.2,930.12 1 0
istio.io/istio/operator/pkg/apis/istio/v1alpha1/values_types.pb.go:927.14,929.3 1 0
istio.io/istio/operator/pkg/apis/istio/v1alpha1/values_types.pb.go:934.73,935.14 1 0
istio.io/istio/operator/pkg/apis/istio/v1alpha1/values_types.pb.go:938.2,938.12 1 0
istio.io/istio/operator/pkg/apis/istio/v1alpha1/values_types.pb.go:935.14,937.3 1 0
istio.io/istio/operator/pkg/apis/istio/v1alpha1/values_types.pb.go:942.70,943.14 1 0
istio.io/istio/operator/pkg/apis/istio/v1alpha1/values_types.pb.go:946.2,946.12 1 0
istio.io/istio/operator/pkg/apis/istio/v1alpha1/values_types.pb.go:943.14,945.3 1 0
istio.io/istio/operator/pkg/apis/istio/v1alpha1/values_types.pb.go:950.76,951.14 1 0
istio.io/istio/operator/pkg/apis/istio/v1alpha1/values_types.pb.go:954.2,954.12 1 0
istio.io/istio/operator/pkg/apis/istio/v1alpha1/values_types.pb.go:951.14,953.3 1 0
istio.io/istio/operator/pkg/apis/istio/v1alpha1/values_types.pb.go:957.75,958.14 1 0
istio.io/istio/operator/pkg/apis/istio/v1alpha1/values_types.pb.go:961.2,961.12 1 0
istio.io/istio/operator/pkg/apis/istio/v1alpha1/values_types.pb.go:958.14,960.3 1 0
istio.io/istio/operator/pkg/apis/istio/v1alpha1/values_types.pb.go:964.82,965.14 1 0
istio.io/istio/operator/pkg/apis/istio/v1alpha1/values_types.pb.go:968.2,968.12 1 0
istio.io/istio/operator/pkg/apis/istio/v1alpha1/values_types.pb.go:965.14,967.3 1 0
istio.io/istio/operator/pkg/apis/istio/v1alpha1/values_types.pb.go:971.66,972.14 1 0
istio.io/istio/operator/pkg/apis/istio/v1alpha1/values_types.pb.go:975.2,975.12 1 0
istio.io/istio/operator/pkg/apis/istio/v1alpha1/values_types.pb.go:972.14,974.3 1 0
istio.io/istio/operator/pkg/apis/istio/v1alpha1/values_types.pb.go:978.61,979.14 1 0
istio.io/istio/operator/pkg/apis/istio/v1alpha1/values_types.pb.go:982.2,982.11 1 0
istio.io/istio/operator/pkg/apis/istio/v1alpha1/values_types.pb.go:979.14,981.3 1 0
istio.io/istio/operator/pkg/apis/istio/v1alpha1/values_types.pb.go:998.42,998.67 1 0
istio.io/istio/operator/pkg/apis/istio/v1alpha1/values_types.pb.go:999.42,999.79 1 0
istio.io/istio/operator/pkg/apis/istio/v1alpha1/values_types.pb.go:1000.43,1000.44 0 0
istio.io/istio/operator/pkg/apis/istio/v1alpha1/values_types.pb.go:1001.53,1003.2 1 0
istio.io/istio/operator/pkg/apis/istio/v1alpha1/values_types.pb.go:1004.56,1006.2 1 0
istio.io/istio/operator/pkg/apis/istio/v1alpha1/values_types.pb.go:1007.84,1009.2 1 0
istio.io/istio/operator/pkg/apis/istio/v1alpha1/values_types.pb.go:1010.55,1012.2 1 0
istio.io/istio/operator/pkg/apis/istio/v1alpha1/values_types.pb.go:1013.41,1015.2 1 0
istio.io/istio/operator/pkg/apis/istio/v1alpha1/values_types.pb.go:1016.47,1018.2 1 0
istio.io/istio/operator/pkg/apis/istio/v1alpha1/values_types.pb.go:1022.71,1023.14 1 0
istio.io/istio/operator/pkg/apis/istio/v1alpha1/values_types.pb.go:1026.2,1026.12 1 0
istio.io/istio/operator/pkg/apis/istio/v1alpha1/values_types.pb.go:1023.14,1025.3 1 0
istio.io/istio/operator/pkg/apis/istio/v1alpha1/values_types.pb.go:1029.59,1030.14 1 0
istio.io/istio/operator/pkg/apis/istio/v1alpha1/values_types.pb.go:1033.2,1033.12 1 0
istio.io/istio/operator/pkg/apis/istio/v1alpha1/values_types.pb.go:1030.14,1032.3 1 0
istio.io/istio/operator/pkg/apis/istio/v1alpha1/values_types.pb.go:1036.73,1037.14 1 0
istio.io/istio/operator/pkg/apis/istio/v1alpha1/values_types.pb.go:1040.2,1040.12 1 0
istio.io/istio/operator/pkg/apis/istio/v1alpha1/values_types.pb.go:1037.14,1039.3 1 0
istio.io/istio/operator/pkg/apis/istio/v1alpha1/values_types.pb.go:1165.40,1165.63 1 0
istio.io/istio/operator/pkg/apis/istio/v1alpha1/values_types.pb.go:1166.40,1166.77 1 0
istio.io/istio/operator/pkg/apis/istio/v1alpha1/values_types.pb.go:1167.41,1167.42 0 0
istio.io/istio/operator/pkg/apis/istio/v1alpha1/values_types.pb.go:1168.51,1170.2 1 0
istio.io/istio/operator/pkg/apis/istio/v1alpha1/values_types.pb.go:1171.54,1173.2 1 0
istio.io/istio/operator/pkg/apis/istio/v1alpha1/values_types.pb.go:1174.82,1176.2 1 0
istio.io/istio/operator/pkg/apis/istio/v1alpha1/values_types.pb.go:1177.53,1179.2 1 0
istio.io/istio/operator/pkg/apis/istio/v1alpha1/values_types.pb.go:1180.39,1182.2 1 0
istio.io/istio/operator/pkg/apis/istio/v1alpha1/values_types.pb.go:1183.45,1185.2 1 0
istio.io/istio/operator/pkg/apis/istio/v1alpha1/values_types.pb.go:1190.46,1191.14 1 0
istio.io/istio/operator/pkg/apis/istio/v1alpha1/values_types.pb.go:1194.2,1194.12 1 0
istio.io/istio/operator/pkg/apis/istio/v1alpha1/values_types.pb.go:1191.14,1193.3 1 0
istio.io/istio/operator/pkg/apis/istio/v1alpha1/values_types.pb.go:1197.56,1198.14 1 0
istio.io/istio/operator/pkg/apis/istio/v1alpha1/values_types.pb.go:1201.2,1201.11 1 0
istio.io/istio/operator/pkg/apis/istio/v1alpha1/values_types.pb.go:1198.14,1200.3 1 0
istio.io/istio/operator/pkg/apis/istio/v1alpha1/values_types.pb.go:1204.66,1205.14 1 0
istio.io/istio/operator/pkg/apis/istio/v1alpha1/values_types.pb.go:1208.2,1208.12 1 0
istio.io/istio/operator/pkg/apis/istio/v1alpha1/values_types.pb.go:1205.14,1207.3 1 0
istio.io/istio/operator/pkg/apis/istio/v1alpha1/values_types.pb.go:1211.70,1212.14 1 0
istio.io/istio/operator/pkg/apis/istio/v1alpha1/values_types.pb.go:1215.2,1215.12 1 0
istio.io/istio/operator/pkg/apis/istio/v1alpha1/values_types.pb.go:1212.14,1214.3 1 0
istio.io/istio/operator/pkg/apis/istio/v1alpha1/values_types.pb.go:1219.72,1220.14 1 0
istio.io/istio/operator/pkg/apis/istio/v1alpha1/values_types.pb.go:1223.2,1223.12 1 0
istio.io/istio/operator/pkg/apis/istio/v1alpha1/values_types.pb.go:1220.14,1222.3 1 0
istio.io/istio/operator/pkg/apis/istio/v1alpha1/values_types.pb.go:1227.90,1228.14 1 0
istio.io/istio/operator/pkg/apis/istio/v1alpha1/values_types.pb.go:1231.2,1231.12 1 0
istio.io/istio/operator/pkg/apis/istio/v1alpha1/values_types.pb.go:1228.14,1230.3 1 0
istio.io/istio/operator/pkg/apis/istio/v1alpha1/values_types.pb.go:1235.70,1236.14 1 0
istio.io/istio/operator/pkg/apis/istio/v1alpha1/values_types.pb.go:1239.2,1239.12 1 0
istio.io/istio/operator/pkg/apis/istio/v1alpha1/values_types.pb.go:1236.14,1238.3 1 0
istio.io/istio/operator/pkg/apis/istio/v1alpha1/values_types.pb.go:1243.73,1244.14 1 0
istio.io/istio/operator/pkg/apis/istio/v1alpha1/values_types.pb.go:1247.2,1247.12 1 0
istio.io/istio/operator/pkg/apis/istio/v1alpha1/values_types.pb.go:1244.14,1246.3 1 0
istio.io/istio/operator/pkg/apis/istio/v1alpha1/values_types.pb.go:1250.40,1251.14 1 0
istio.io/istio/operator/pkg/apis/istio/v1alpha1/values_types.pb.go:1254.2,1254.11 1 0
istio.io/istio/operator/pkg/apis/istio/v1alpha1/values_types.pb.go:1251.14,1253.3 1 0
istio.io/istio/operator/pkg/apis/istio/v1alpha1/values_types.pb.go:1257.52,1258.14 1 0
istio.io/istio/operator/pkg/apis/istio/v1alpha1/values_types.pb.go:1261.2,1261.11 1 0
istio.io/istio/operator/pkg/apis/istio/v1alpha1/values_types.pb.go:1258.14,1260.3 1 0
istio.io/istio/operator/pkg/apis/istio/v1alpha1/values_types.pb.go:1264.55,1265.14 1 0
istio.io/istio/operator/pkg/apis/istio/v1alpha1/values_types.pb.go:1268.2,1268.12 1 0
istio.io/istio/operator/pkg/apis/istio/v1alpha1/values_types.pb.go:1265.14,1267.3 1 0
istio.io/istio/operator/pkg/apis/istio/v1alpha1/values_types.pb.go:1271.51,1272.14 1 0
istio.io/istio/operator/pkg/apis/istio/v1alpha1/values_types.pb.go:1275.2,1275.11 1 0
istio.io/istio/operator/pkg/apis/istio/v1alpha1/values_types.pb.go:1272.14,1274.3 1 0
istio.io/istio/operator/pkg/apis/istio/v1alpha1/values_types.pb.go:1278.59,1279.14 1 0
istio.io/istio/operator/pkg/apis/istio/v1alpha1/values_types.pb.go:1282.2,1282.12 1 0
istio.io/istio/operator/pkg/apis/istio/v1alpha1/values_types.pb.go:1279.14,1281.3 1 0
istio.io/istio/operator/pkg/apis/istio/v1alpha1/values_types.pb.go:1285.58,1286.14 1 0
istio.io/istio/operator/pkg/apis/istio/v1alpha1/values_types.pb.go:1289.2,1289.12 1 0
istio.io/istio/operator/pkg/apis/istio/v1alpha1/values_types.pb.go:1286.14,1288.3 1 0
istio.io/istio/operator/pkg/apis/istio/v1alpha1/values_types.pb.go:1292.43,1293.14 1 0
istio.io/istio/operator/pkg/apis/istio/v1alpha1/values_types.pb.go:1296.2,1296.11 1 0
istio.io/istio/operator/pkg/apis/istio/v1alpha1/values_types.pb.go:1293.14,1295.3 1 0
istio.io/istio/operator/pkg/apis/istio/v1alpha1/values_types.pb.go:1299.65,1300.14 1 0
istio.io/istio/operator/pkg/apis/istio/v1alpha1/values_types.pb.go:1303.2,1303.12 1 0
istio.io/istio/operator/pkg/apis/istio/v1alpha1/values_types.pb.go:1300.14,1302.3 1 0
istio.io/istio/operator/pkg/apis/istio/v1alpha1/values_types.pb.go:1306.62,1307.14 1 0
istio.io/istio/operator/pkg/apis/istio/v1alpha1/values_types.pb.go:1310.2,1310.12 1 0
istio.io/istio/operator/pkg/apis/istio/v1alpha1/values_types.pb.go:1307.14,1309.3 1 0
istio.io/istio/operator/pkg/apis/istio/v1alpha1/values_types.pb.go:1313.44,1314.14 1 0
istio.io/istio/operator/pkg/apis/istio/v1alpha1/values_types.pb.go:1317.2,1317.11 1 0
istio.io/istio/operator/pkg/apis/istio/v1alpha1/values_types.pb.go:1314.14,1316.3 1 0
istio.io/istio/operator/pkg/apis/istio/v1alpha1/values_types.pb.go:1320.61,1321.14 1 0
istio.io/istio/operator/pkg/apis/istio/v1alpha1/values_types.pb.go:1324.2,1324.12 1 0
istio.io/istio/operator/pkg/apis/istio/v1alpha1/values_types.pb.go:1321.14,1323.3 1 0
istio.io/istio/operator/pkg/apis/istio/v1alpha1/values_types.pb.go:1327.78,1328.14 1 0
istio.io/istio/operator/pkg/apis/istio/v1alpha1/values_types.pb.go:1331.2,1331.12 1 0
istio.io/istio/operator/pkg/apis/istio/v1alpha1/values_types.pb.go:1328.14,1330.3 1 0
istio.io/istio/operator/pkg/apis/istio/v1alpha1/values_types.pb.go:1334.62,1335.14 1 0
istio.io/istio/operator/pkg/apis/istio/v1alpha1/values_types.pb.go:1338.2,1338.12 1 0
istio.io/istio/operator/pkg/apis/istio/v1alpha1/values_types.pb.go:1335.14,1337.3 1 0
istio.io/istio/operator/pkg/apis/istio/v1alpha1/values_types.pb.go:1341.72,1342.14 1 0
istio.io/istio/operator/pkg/apis/istio/v1alpha1/values_types.pb.go:1345.2,1345.12 1 0
istio.io/istio/operator/pkg/apis/istio/v1alpha1/values_types.pb.go:1342.14,1344.3 1 0
istio.io/istio/operator/pkg/apis/istio/v1alpha1/values_types.pb.go:1349.54,1350.14 1 0
istio.io/istio/operator/pkg/apis/istio/v1alpha1/values_types.pb.go:1353.2,1353.11 1 0
istio.io/istio/operator/pkg/apis/istio/v1alpha1/values_types.pb.go:1350.14,1352.3 1 0
istio.io/istio/operator/pkg/apis/istio/v1alpha1/values_types.pb.go:1356.48,1357.14 1 0
istio.io/istio/operator/pkg/apis/istio/v1alpha1/values_types.pb.go:1360.2,1360.12 1 0
istio.io/istio/operator/pkg/apis/istio/v1alpha1/values_types.pb.go:1357.14,1359.3 1 0
istio.io/istio/operator/pkg/apis/istio/v1alpha1/values_types.pb.go:1363.56,1364.14 1 0
istio.io/istio/operator/pkg/apis/istio/v1alpha1/values_types.pb.go:1367.2,1367.12 1 0
istio.io/istio/operator/pkg/apis/istio/v1alpha1/values_types.pb.go:1364.14,1366.3 1 0
istio.io/istio/operator/pkg/apis/istio/v1alpha1/values_types.pb.go:1370.44,1371.14 1 0
istio.io/istio/operator/pkg/apis/istio/v1alpha1/values_types.pb.go:1374.2,1374.12 1 0
istio.io/istio/operator/pkg/apis/istio/v1alpha1/values_types.pb.go:1371.14,1373.3 1 0
istio.io/istio/operator/pkg/apis/istio/v1alpha1/values_types.pb.go:1377.45,1378.14 1 0
istio.io/istio/operator/pkg/apis/istio/v1alpha1/values_types.pb.go:1381.2,1381.12 1 0
istio.io/istio/operator/pkg/apis/istio/v1alpha1/values_types.pb.go:1378.14,1380.3 1 0
istio.io/istio/operator/pkg/apis/istio/v1alpha1/values_types.pb.go:1384.50,1385.14 1 0
istio.io/istio/operator/pkg/apis/istio/v1alpha1/values_types.pb.go:1388.2,1388.12 1 0
istio.io/istio/operator/pkg/apis/istio/v1alpha1/values_types.pb.go:1385.14,1387.3 1 0
istio.io/istio/operator/pkg/apis/istio/v1alpha1/values_types.pb.go:1391.56,1392.14 1 0
istio.io/istio/operator/pkg/apis/istio/v1alpha1/values_types.pb.go:1395.2,1395.12 1 0
istio.io/istio/operator/pkg/apis/istio/v1alpha1/values_types.pb.go:1392.14,1394.3 1 0
istio.io/istio/operator/pkg/apis/istio/v1alpha1/values_types.pb.go:1398.55,1399.14 1 0
istio.io/istio/operator/pkg/apis/istio/v1alpha1/values_types.pb.go:1402.2,1402.11 1 0
istio.io/istio/operator/pkg/apis/istio/v1alpha1/values_types.pb.go:1399.14,1401.3 1 0
istio.io/istio/operator/pkg/apis/istio/v1alpha1/values_types.pb.go:1405.50,1406.14 1 0
istio.io/istio/operator/pkg/apis/istio/v1alpha1/values_types.pb.go:1409.2,1409.12 1 0
istio.io/istio/operator/pkg/apis/istio/v1alpha1/values_types.pb.go:1406.14,1408.3 1 0
istio.io/istio/operator/pkg/apis/istio/v1alpha1/values_types.pb.go:1412.54,1413.14 1 0
istio.io/istio/operator/pkg/apis/istio/v1alpha1/values_types.pb.go:1416.2,1416.11 1 0
istio.io/istio/operator/pkg/apis/istio/v1alpha1/values_types.pb.go:1413.14,1415.3 1 0
istio.io/istio/operator/pkg/apis/istio/v1alpha1/values_types.pb.go:1419.46,1420.14 1 0
istio.io/istio/operator/pkg/apis/istio/v1alpha1/values_types.pb.go:1423.2,1423.11 1 0
istio.io/istio/operator/pkg/apis/istio/v1alpha1/values_types.pb.go:1420.14,1422.3 1 0
istio.io/istio/operator/pkg/apis/istio/v1alpha1/values_types.pb.go:1426.44,1427.14 1 0
istio.io/istio/operator/pkg/apis/istio/v1alpha1/values_types.pb.go:1430.2,1430.12 1 0
istio.io/istio/operator/pkg/apis/istio/v1alpha1/values_types.pb.go:1427.14,1429.3 1 0
istio.io/istio/operator/pkg/apis/istio/v1alpha1/values_types.pb.go:1433.45,1434.14 1 0
istio.io/istio/operator/pkg/apis/istio/v1alpha1/values_types.pb.go:1437.2,1437.11 1 0
istio.io/istio/operator/pkg/apis/istio/v1alpha1/values_types.pb.go:1434.14,1436.3 1 0
istio.io/istio/operator/pkg/apis/istio/v1alpha1/values_types.pb.go:1440.64,1441.14 1 0
istio.io/istio/operator/pkg/apis/istio/v1alpha1/values_types.pb.go:1444.2,1444.12 1 0
istio.io/istio/operator/pkg/apis/istio/v1alpha1/values_types.pb.go:1441.14,1443.3 1 0
istio.io/istio/operator/pkg/apis/istio/v1alpha1/values_types.pb.go:1447.46,1448.14 1 0
istio.io/istio/operator/pkg/apis/istio/v1alpha1/values_types.pb.go:1451.2,1451.11 1 0
istio.io/istio/operator/pkg/apis/istio/v1alpha1/values_types.pb.go:1448.14,1450.3 1 0
istio.io/istio/operator/pkg/apis/istio/v1alpha1/values_types.pb.go:1454.64,1455.14 1 0
istio.io/istio/operator/pkg/apis/istio/v1alpha1/values_types.pb.go:1458.2,1458.12 1 0
istio.io/istio/operator/pkg/apis/istio/v1alpha1/values_types.pb.go:1455.14,1457.3 1 0
istio.io/istio/operator/pkg/apis/istio/v1alpha1/values_types.pb.go:1471.37,1471.57 1 0
istio.io/istio/operator/pkg/apis/istio/v1alpha1/values_types.pb.go:1472.37,1472.74 1 0
istio.io/istio/operator/pkg/apis/istio/v1alpha1/values_types.pb.go:1473.38,1473.39 0 0
istio.io/istio/operator/pkg/apis/istio/v1alpha1/values_types.pb.go:1474.48,1476.2 1 0
istio.io/istio/operator/pkg/apis/istio/v1alpha1/values_types.pb.go:1477.51,1479.2 1 0
istio.io/istio/operator/pkg/apis/istio/v1alpha1/values_types.pb.go:1480.79,1482.2 1 0
istio.io/istio/operator/pkg/apis/istio/v1alpha1/values_types.pb.go:1483.50,1485.2 1 0
istio.io/istio/operator/pkg/apis/istio/v1alpha1/values_types.pb.go:1486.36,1488.2 1 0
istio.io/istio/operator/pkg/apis/istio/v1alpha1/values_types.pb.go:1489.42,1491.2 1 0
istio.io/istio/operator/pkg/apis/istio/v1alpha1/values_types.pb.go:1495.45,1496.14 1 0
istio.io/istio/operator/pkg/apis/istio/v1alpha1/values_types.pb.go:1499.2,1499.10 1 0
istio.io/istio/operator/pkg/apis/istio/v1alpha1/values_types.pb.go:1496.14,1498.3 1 0
istio.io/istio/operator/pkg/apis/istio/v1alpha1/values_types.pb.go:1510.40,1510.63 1 0
istio.io/istio/operator/pkg/apis/istio/v1alpha1/values_types.pb.go:1511.40,1511.77 1 0
istio.io/istio/operator/pkg/apis/istio/v1alpha1/values_types.pb.go:1512.41,1512.42 0 0
istio.io/istio/operator/pkg/apis/istio/v1alpha1/values_types.pb.go:1513.51,1515.2 1 0
istio.io/istio/operator/pkg/apis/istio/v1alpha1/values_types.pb.go:1516.54,1518.2 1 0
istio.io/istio/operator/pkg/apis/istio/v1alpha1/values_types.pb.go:1519.82,1521.2 1 0
istio.io/istio/operator/pkg/apis/istio/v1alpha1/values_types.pb.go:1522.53,1524.2 1 0
istio.io/istio/operator/pkg/apis/istio/v1alpha1/values_types.pb.go:1525.39,1527.2 1 0
istio.io/istio/operator/pkg/apis/istio/v1alpha1/values_types.pb.go:1528.45,1530.2 1 0
istio.io/istio/operator/pkg/apis/istio/v1alpha1/values_types.pb.go:1534.64,1535.14 1 0
istio.io/istio/operator/pkg/apis/istio/v1alpha1/values_types.pb.go:1538.2,1538.12 1 0
istio.io/istio/operator/pkg/apis/istio/v1alpha1/values_types.pb.go:1535.14,1537.3 1 0
istio.io/istio/operator/pkg/apis/istio/v1alpha1/values_types.pb.go:1552.47,1552.77 1 0
istio.io/istio/operator/pkg/apis/istio/v1alpha1/values_types.pb.go:1553.47,1553.84 1 0
istio.io/istio/operator/pkg/apis/istio/v1alpha1/values_types.pb.go:1554.48,1554.49 0 0
istio.io/istio/operator/pkg/apis/istio/v1alpha1/values_types.pb.go:1555.58,1557.2 1 0
istio.io/istio/operator/pkg/apis/istio/v1alpha1/values_types.pb.go:1558.61,1560.2 1 0
istio.io/istio/operator/pkg/apis/istio/v1alpha1/values_types.pb.go:1561.89,1563.2 1 0
istio.io/istio/operator/pkg/apis/istio/v1alpha1/values_types.pb.go:1564.60,1566.2 1 0
istio.io/istio/operator/pkg/apis/istio/v1alpha1/values_types.pb.go:1567.46,1569.2 1 0
istio.io/istio/operator/pkg/apis/istio/v1alpha1/values_types.pb.go:1570.52,1572.2 1 0
istio.io/istio/operator/pkg/apis/istio/v1alpha1/values_types.pb.go:1576.49,1577.14 1 0
istio.io/istio/operator/pkg/apis/istio/v1alpha1/values_types.pb.go:1580.2,1580.11 1 0
istio.io/istio/operator/pkg/apis/istio/v1alpha1/values_types.pb.go:1577.14,1579.3 1 0
istio.io/istio/operator/pkg/apis/istio/v1alpha1/values_types.pb.go:1651.48,1651.79 1 0
istio.io/istio/operator/pkg/apis/istio/v1alpha1/values_types.pb.go:1652.48,1652.85 1 0
istio.io/istio/operator/pkg/apis/istio/v1alpha1/values_types.pb.go:1653.49,1653.50 0 0
istio.io/istio/operator/pkg/apis/istio/v1alpha1/values_types.pb.go:1654.59,1656.2 1 0
istio.io/istio/operator/pkg/apis/istio/v1alpha1/values_types.pb.go:1657.62,1659.2 1 0
istio.io/istio/operator/pkg/apis/istio/v1alpha1/values_types.pb.go:1660.90,1662.2 1 0
istio.io/istio/operator/pkg/apis/istio/v1alpha1/values_types.pb.go:1663.61,1665.2 1 0
istio.io/istio/operator/pkg/apis/istio/v1alpha1/values_types.pb.go:1666.47,1668.2 1 0
istio.io/istio/operator/pkg/apis/istio/v1alpha1/values_types.pb.go:1669.53,1671.2 1 0
istio.io/istio/operator/pkg/apis/istio/v1alpha1/values_types.pb.go:1675.74,1676.14 1 0
istio.io/istio/operator/pkg/apis/istio/v1alpha1/values_types.pb.go:1679.2,1679.12 1 0
istio.io/istio/operator/pkg/apis/istio/v1alpha1/values_types.pb.go:1676.14,1678.3 1 0
istio.io/istio/operator/pkg/apis/istio/v1alpha1/values_types.pb.go:1682.57,1683.14 1 0
istio.io/istio/operator/pkg/apis/istio/v1alpha1/values_types.pb.go:1686.2,1686.10 1 0
istio.io/istio/operator/pkg/apis/istio/v1alpha1/values_types.pb.go:1683.14,1685.3 1 0
istio.io/istio/operator/pkg/apis/istio/v1alpha1/values_types.pb.go:1689.57,1690.14 1 0
istio.io/istio/operator/pkg/apis/istio/v1alpha1/values_types.pb.go:1693.2,1693.10 1 0
istio.io/istio/operator/pkg/apis/istio/v1alpha1/values_types.pb.go:1690.14,1692.3 1 0
istio.io/istio/operator/pkg/apis/istio/v1alpha1/values_types.pb.go:1697.69,1698.14 1 0
istio.io/istio/operator/pkg/apis/istio/v1alpha1/values_types.pb.go:1701.2,1701.12 1 0
istio.io/istio/operator/pkg/apis/istio/v1alpha1/values_types.pb.go:1698.14,1700.3 1 0
istio.io/istio/operator/pkg/apis/istio/v1alpha1/values_types.pb.go:1704.71,1705.14 1 0
istio.io/istio/operator/pkg/apis/istio/v1alpha1/values_types.pb.go:1708.2,1708.12 1 0
istio.io/istio/operator/pkg/apis/istio/v1alpha1/values_types.pb.go:1705.14,1707.3 1 0
istio.io/istio/operator/pkg/apis/istio/v1alpha1/values_types.pb.go:1711.65,1712.14 1 0
istio.io/istio/operator/pkg/apis/istio/v1alpha1/values_types.pb.go:1715.2,1715.12 1 0
istio.io/istio/operator/pkg/apis/istio/v1alpha1/values_types.pb.go:1712.14,1714.3 1 0
istio.io/istio/operator/pkg/apis/istio/v1alpha1/values_types.pb.go:1718.64,1719.14 1 0
istio.io/istio/operator/pkg/apis/istio/v1alpha1/values_types.pb.go:1722.2,1722.12 1 0
istio.io/istio/operator/pkg/apis/istio/v1alpha1/values_types.pb.go:1719.14,1721.3 1 0
istio.io/istio/operator/pkg/apis/istio/v1alpha1/values_types.pb.go:1725.62,1726.14 1 0
istio.io/istio/operator/pkg/apis/istio/v1alpha1/values_types.pb.go:1729.2,1729.12 1 0
istio.io/istio/operator/pkg/apis/istio/v1alpha1/values_types.pb.go:1726.14,1728.3 1 0
istio.io/istio/operator/pkg/apis/istio/v1alpha1/values_types.pb.go:1732.59,1733.14 1 0
istio.io/istio/operator/pkg/apis/istio/v1alpha1/values_types.pb.go:1736.2,1736.11 1 0
istio.io/istio/operator/pkg/apis/istio/v1alpha1/values_types.pb.go:1733.14,1735.3 1 0
istio.io/istio/operator/pkg/apis/istio/v1alpha1/values_types.pb.go:1739.71,1740.14 1 0
istio.io/istio/operator/pkg/apis/istio/v1alpha1/values_types.pb.go:1743.2,1743.12 1 0
istio.io/istio/operator/pkg/apis/istio/v1alpha1/values_types.pb.go:1740.14,1742.3 1 0
istio.io/istio/operator/pkg/apis/istio/v1alpha1/values_types.pb.go:1746.49,1747.14 1 0
istio.io/istio/operator/pkg/apis/istio/v1alpha1/values_types.pb.go:1750.2,1750.11 1 0
istio.io/istio/operator/pkg/apis/istio/v1alpha1/values_types.pb.go:1747.14,1749.3 1 0
istio.io/istio/operator/pkg/apis/istio/v1alpha1/values_types.pb.go:1754.73,1755.14 1 0
istio.io/istio/operator/pkg/apis/istio/v1alpha1/values_types.pb.go:1758.2,1758.12 1 0
istio.io/istio/operator/pkg/apis/istio/v1alpha1/values_types.pb.go:1755.14,1757.3 1 0
istio.io/istio/operator/pkg/apis/istio/v1alpha1/values_types.pb.go:1762.75,1763.14 1 0
istio.io/istio/operator/pkg/apis/istio/v1alpha1/values_types.pb.go:1766.2,1766.12 1 0
istio.io/istio/operator/pkg/apis/istio/v1alpha1/values_types.pb.go:1763.14,1765.3 1 0
istio.io/istio/operator/pkg/apis/istio/v1alpha1/values_types.pb.go:1770.91,1771.14 1 0
istio.io/istio/operator/pkg/apis/istio/v1alpha1/values_types.pb.go:1774.2,1774.12 1 0
istio.io/istio/operator/pkg/apis/istio/v1alpha1/values_types.pb.go:1771.14,1773.3 1 0
istio.io/istio/operator/pkg/apis/istio/v1alpha1/values_types.pb.go:1778.95,1779.14 1 0
istio.io/istio/operator/pkg/apis/istio/v1alpha1/values_types.pb.go:1782.2,1782.12 1 0
istio.io/istio/operator/pkg/apis/istio/v1alpha1/values_types.pb.go:1779.14,1781.3 1 0
istio.io/istio/operator/pkg/apis/istio/v1alpha1/values_types.pb.go:1785.58,1786.14 1 0
istio.io/istio/operator/pkg/apis/istio/v1alpha1/values_types.pb.go:1789.2,1789.12 1 0
istio.io/istio/operator/pkg/apis/istio/v1alpha1/values_types.pb.go:1786.14,1788.3 1 0
istio.io/istio/operator/pkg/apis/istio/v1alpha1/values_types.pb.go:1793.57,1794.14 1 0
istio.io/istio/operator/pkg/apis/istio/v1alpha1/values_types.pb.go:1797.2,1797.10 1 0
istio.io/istio/operator/pkg/apis/istio/v1alpha1/values_types.pb.go:1794.14,1796.3 1 0
istio.io/istio/operator/pkg/apis/istio/v1alpha1/values_types.pb.go:1801.70,1802.14 1 0
istio.io/istio/operator/pkg/apis/istio/v1alpha1/values_types.pb.go:1805.2,1805.12 1 0
istio.io/istio/operator/pkg/apis/istio/v1alpha1/values_types.pb.go:1802.14,1804.3 1 0
istio.io/istio/operator/pkg/apis/istio/v1alpha1/values_types.pb.go:1808.67,1809.14 1 0
istio.io/istio/operator/pkg/apis/istio/v1alpha1/values_types.pb.go:1812.2,1812.12 1 0
istio.io/istio/operator/pkg/apis/istio/v1alpha1/values_types.pb.go:1809.14,1811.3 1 0
istio.io/istio/operator/pkg/apis/istio/v1alpha1/values_types.pb.go:1815.79,1816.14 1 0
istio.io/istio/operator/pkg/apis/istio/v1alpha1/values_types.pb.go:1819.2,1819.12 1 0
istio.io/istio/operator/pkg/apis/istio/v1alpha1/values_types.pb.go:1816.14,1818.3 1 0
istio.io/istio/operator/pkg/apis/istio/v1alpha1/values_types.pb.go:1822.49,1823.14 1 0
istio.io/istio/operator/pkg/apis/istio/v1alpha1/values_types.pb.go:1826.2,1826.11 1 0
istio.io/istio/operator/pkg/apis/istio/v1alpha1/values_types.pb.go:1823.14,1825.3 1 0
istio.io/istio/operator/pkg/apis/istio/v1alpha1/values_types.pb.go:1829.68,1830.14 1 0
istio.io/istio/operator/pkg/apis/istio/v1alpha1/values_types.pb.go:1833.2,1833.12 1 0
istio.io/istio/operator/pkg/apis/istio/v1alpha1/values_types.pb.go:1830.14,1832.3 1 0
istio.io/istio/operator/pkg/apis/istio/v1alpha1/values_types.pb.go:1837.71,1838.14 1 0
istio.io/istio/operator/pkg/apis/istio/v1alpha1/values_types.pb.go:1841.2,1841.12 1 0
istio.io/istio/operator/pkg/apis/istio/v1alpha1/values_types.pb.go:1838.14,1840.3 1 0
istio.io/istio/operator/pkg/apis/istio/v1alpha1/values_types.pb.go:1845.77,1846.14 1 0
istio.io/istio/operator/pkg/apis/istio/v1alpha1/values_types.pb.go:1849.2,1849.12 1 0
istio.io/istio/operator/pkg/apis/istio/v1alpha1/values_types.pb.go:1846.14,1848.3 1 0
istio.io/istio/operator/pkg/apis/istio/v1alpha1/values_types.pb.go:1852.66,1853.14 1 0
istio.io/istio/operator/pkg/apis/istio/v1alpha1/values_types.pb.go:1856.2,1856.11 1 0
istio.io/istio/operator/pkg/apis/istio/v1alpha1/values_types.pb.go:1853.14,1855.3 1 0
istio.io/istio/operator/pkg/apis/istio/v1alpha1/values_types.pb.go:1860.74,1861.14 1 0
istio.io/istio/operator/pkg/apis/istio/v1alpha1/values_types.pb.go:1864.2,1864.12 1 0
istio.io/istio/operator/pkg/apis/istio/v1alpha1/values_types.pb.go:1861.14,1863.3 1 0
istio.io/istio/operator/pkg/apis/istio/v1alpha1/values_types.pb.go:1867.75,1868.14 1 0
istio.io/istio/operator/pkg/apis/istio/v1alpha1/values_types.pb.go:1871.2,1871.12 1 0
istio.io/istio/operator/pkg/apis/istio/v1alpha1/values_types.pb.go:1868.14,1870.3 1 0
istio.io/istio/operator/pkg/apis/istio/v1alpha1/values_types.pb.go:1874.83,1875.14 1 0
istio.io/istio/operator/pkg/apis/istio/v1alpha1/values_types.pb.go:1878.2,1878.12 1 0
istio.io/istio/operator/pkg/apis/istio/v1alpha1/values_types.pb.go:1875.14,1877.3 1 0
istio.io/istio/operator/pkg/apis/istio/v1alpha1/values_types.pb.go:1881.76,1882.14 1 0
istio.io/istio/operator/pkg/apis/istio/v1alpha1/values_types.pb.go:1885.2,1885.12 1 0
istio.io/istio/operator/pkg/apis/istio/v1alpha1/values_types.pb.go:1882.14,1884.3 1 0
istio.io/istio/operator/pkg/apis/istio/v1alpha1/values_types.pb.go:1888.67,1889.14 1 0
istio.io/istio/operator/pkg/apis/istio/v1alpha1/values_types.pb.go:1892.2,1892.12 1 0
istio.io/istio/operator/pkg/apis/istio/v1alpha1/values_types.pb.go:1889.14,1891.3 1 0
istio.io/istio/operator/pkg/apis/istio/v1alpha1/values_types.pb.go:1895.62,1896.14 1 0
istio.io/istio/operator/pkg/apis/istio/v1alpha1/values_types.pb.go:1899.2,1899.11 1 0
istio.io/istio/operator/pkg/apis/istio/v1alpha1/values_types.pb.go:1896.14,1898.3 1 0
istio.io/istio/operator/pkg/apis/istio/v1alpha1/values_types.pb.go:1912.52,1912.87 1 0
istio.io/istio/operator/pkg/apis/istio/v1alpha1/values_types.pb.go:1913.52,1913.89 1 0
istio.io/istio/operator/pkg/apis/istio/v1alpha1/values_types.pb.go:1914.53,1914.54 0 0
istio.io/istio/operator/pkg/apis/istio/v1alpha1/values_types.pb.go:1915.63,1917.2 1 0
istio.io/istio/operator/pkg/apis/istio/v1alpha1/values_types.pb.go:1918.66,1920.2 1 0
istio.io/istio/operator/pkg/apis/istio/v1alpha1/values_types.pb.go:1921.94,1923.2 1 0
istio.io/istio/operator/pkg/apis/istio/v1alpha1/values_types.pb.go:1924.65,1926.2 1 0
istio.io/istio/operator/pkg/apis/istio/v1alpha1/values_types.pb.go:1927.51,1929.2 1 0
istio.io/istio/operator/pkg/apis/istio/v1alpha1/values_types.pb.go:1930.57,1932.2 1 0
istio.io/istio/operator/pkg/apis/istio/v1alpha1/values_types.pb.go:1936.69,1937.14 1 0
istio.io/istio/operator/pkg/apis/istio/v1alpha1/values_types.pb.go:1940.2,1940.12 1 0
istio.io/istio/operator/pkg/apis/istio/v1alpha1/values_types.pb.go:1937.14,1939.3 1 0
istio.io/istio/operator/pkg/apis/istio/v1alpha1/values_types.pb.go:1943.55,1944.14 1 0
istio.io/istio/operator/pkg/apis/istio/v1alpha1/values_types.pb.go:1947.2,1947.11 1 0
istio.io/istio/operator/pkg/apis/istio/v1alpha1/values_types.pb.go:1944.14,1946.3 1 0
istio.io/istio/operator/pkg/apis/istio/v1alpha1/values_types.pb.go:1963.46,1963.75 1 0
istio.io/istio/operator/pkg/apis/istio/v1alpha1/values_types.pb.go:1964.46,1964.83 1 0
istio.io/istio/operator/pkg/apis/istio/v1alpha1/values_types.pb.go:1965.47,1965.48 0 0
istio.io/istio/operator/pkg/apis/istio/v1alpha1/values_types.pb.go:1966.57,1968.2 1 0
istio.io/istio/operator/pkg/apis/istio/v1alpha1/values_types.pb.go:1969.60,1971.2 1 0
istio.io/istio/operator/pkg/apis/istio/v1alpha1/values_types.pb.go:1972.88,1974.2 1 0
istio.io/istio/operator/pkg/apis/istio/v1alpha1/values_types.pb.go:1975.59,1977.2 1 0
istio.io/istio/operator/pkg/apis/istio/v1alpha1/values_types.pb.go:1978.45,1980.2 1 0
istio.io/istio/operator/pkg/apis/istio/v1alpha1/values_types.pb.go:1981.51,1983.2 1 0
istio.io/istio/operator/pkg/apis/istio/v1alpha1/values_types.pb.go:1987.63,1988.14 1 0
istio.io/istio/operator/pkg/apis/istio/v1alpha1/values_types.pb.go:1991.2,1991.12 1 0
istio.io/istio/operator/pkg/apis/istio/v1alpha1/values_types.pb.go:1988.14,1990.3 1 0
istio.io/istio/operator/pkg/apis/istio/v1alpha1/values_types.pb.go:1994.54,1995.14 1 0
istio.io/istio/operator/pkg/apis/istio/v1alpha1/values_types.pb.go:1998.2,1998.11 1 0
istio.io/istio/operator/pkg/apis/istio/v1alpha1/values_types.pb.go:1995.14,1997.3 1 0
istio.io/istio/operator/pkg/apis/istio/v1alpha1/values_types.pb.go:2001.61,2002.14 1 0
istio.io/istio/operator/pkg/apis/istio/v1alpha1/values_types.pb.go:2005.2,2005.11 1 0
istio.io/istio/operator/pkg/apis/istio/v1alpha1/values_types.pb.go:2002.14,2004.3 1 0
istio.io/istio/operator/pkg/apis/istio/v1alpha1/values_types.pb.go:2008.74,2009.14 1 0
istio.io/istio/operator/pkg/apis/istio/v1alpha1/values_types.pb.go:2012.2,2012.12 1 0
istio.io/istio/operator/pkg/apis/istio/v1alpha1/values_types.pb.go:2009.14,2011.3 1 0
istio.io/istio/operator/pkg/apis/istio/v1alpha1/values_types.pb.go:2023.55,2023.93 1 0
istio.io/istio/operator/pkg/apis/istio/v1alpha1/values_types.pb.go:2024.55,2024.92 1 0
istio.io/istio/operator/pkg/apis/istio/v1alpha1/values_types.pb.go:2025.56,2025.57 0 0
istio.io/istio/operator/pkg/apis/istio/v1alpha1/values_types.pb.go:2026.66,2028.2 1 0
istio.io/istio/operator/pkg/apis/istio/v1alpha1/values_types.pb.go:2029.69,2031.2 1 0
istio.io/istio/operator/pkg/apis/istio/v1alpha1/values_types.pb.go:2032.97,2034.2 1 0
istio.io/istio/operator/pkg/apis/istio/v1alpha1/values_types.pb.go:2035.68,2037.2 1 0
istio.io/istio/operator/pkg/apis/istio/v1alpha1/values_types.pb.go:2038.54,2040.2 1 0
istio.io/istio/operator/pkg/apis/istio/v1alpha1/values_types.pb.go:2041.60,2043.2 1 0
istio.io/istio/operator/pkg/apis/istio/v1alpha1/values_types.pb.go:2047.82,2048.14 1 0
istio.io/istio/operator/pkg/apis/istio/v1alpha1/values_types.pb.go:2051.2,2051.46 1 0
istio.io/istio/operator/pkg/apis/istio/v1alpha1/values_types.pb.go:2048.14,2050.3 1 0
istio.io/istio/operator/pkg/apis/istio/v1alpha1/values_types.pb.go:2145.39,2145.61 1 0
istio.io/istio/operator/pkg/apis/istio/v1alpha1/values_types.pb.go:2146.39,2146.76 1 0
istio.io/istio/operator/pkg/apis/istio/v1alpha1/values_types.pb.go:2147.40,2147.41 0 0
istio.io/istio/operator/pkg/apis/istio/v1alpha1/values_types.pb.go:2148.50,2150.2 1 0
istio.io/istio/operator/pkg/apis/istio/v1alpha1/values_types.pb.go:2151.53,2153.2 1 0
istio.io/istio/operator/pkg/apis/istio/v1alpha1/values_types.pb.go:2154.81,2156.2 1 0
istio.io/istio/operator/pkg/apis/istio/v1alpha1/values_types.pb.go:2157.52,2159.2 1 0
istio.io/istio/operator/pkg/apis/istio/v1alpha1/values_types.pb.go:2160.38,2162.2 1 0
istio.io/istio/operator/pkg/apis/istio/v1alpha1/values_types.pb.go:2163.44,2165.2 1 0
istio.io/istio/operator/pkg/apis/istio/v1alpha1/values_types.pb.go:2169.56,2170.14 1 0
istio.io/istio/operator/pkg/apis/istio/v1alpha1/values_types.pb.go:2173.2,2173.12 1 0
istio.io/istio/operator/pkg/apis/istio/v1alpha1/values_types.pb.go:2170.14,2172.3 1 0
istio.io/istio/operator/pkg/apis/istio/v1alpha1/values_types.pb.go:2176.65,2177.14 1 0
istio.io/istio/operator/pkg/apis/istio/v1alpha1/values_types.pb.go:2180.2,2180.12 1 0
istio.io/istio/operator/pkg/apis/istio/v1alpha1/values_types.pb.go:2177.14,2179.3 1 0
istio.io/istio/operator/pkg/apis/istio/v1alpha1/values_types.pb.go:2183.48,2184.14 1 0
istio.io/istio/operator/pkg/apis/istio/v1alpha1/values_types.pb.go:2187.2,2187.10 1 0
istio.io/istio/operator/pkg/apis/istio/v1alpha1/values_types.pb.go:2184.14,2186.3 1 0
istio.io/istio/operator/pkg/apis/istio/v1alpha1/values_types.pb.go:2190.48,2191.14 1 0
istio.io/istio/operator/pkg/apis/istio/v1alpha1/values_types.pb.go:2194.2,2194.10 1 0
istio.io/istio/operator/pkg/apis/istio/v1alpha1/values_types.pb.go:2191.14,2193.3 1 0
istio.io/istio/operator/pkg/apis/istio/v1alpha1/values_types.pb.go:2198.48,2199.14 1 0
istio.io/istio/operator/pkg/apis/istio/v1alpha1/values_types.pb.go:2202.2,2202.10 1 0
istio.io/istio/operator/pkg/apis/istio/v1alpha1/values_types.pb.go:2199.14,2201.3 1 0
istio.io/istio/operator/pkg/apis/istio/v1alpha1/values_types.pb.go:2205.41,2206.14 1 0
istio.io/istio/operator/pkg/apis/istio/v1alpha1/values_types.pb.go:2209.2,2209.11 1 0
istio.io/istio/operator/pkg/apis/istio/v1alpha1/values_types.pb.go:2206.14,2208.3 1 0
istio.io/istio/operator/pkg/apis/istio/v1alpha1/values_types.pb.go:2212.50,2213.14 1 0
istio.io/istio/operator/pkg/apis/istio/v1alpha1/values_types.pb.go:2216.2,2216.10 1 0
istio.io/istio/operator/pkg/apis/istio/v1alpha1/values_types.pb.go:2213.14,2215.3 1 0
istio.io/istio/operator/pkg/apis/istio/v1alpha1/values_types.pb.go:2220.49,2221.14 1 0
istio.io/istio/operator/pkg/apis/istio/v1alpha1/values_types.pb.go:2224.2,2224.12 1 0
istio.io/istio/operator/pkg/apis/istio/v1alpha1/values_types.pb.go:2221.14,2223.3 1 0
istio.io/istio/operator/pkg/apis/istio/v1alpha1/values_types.pb.go:2227.51,2228.14 1 0
istio.io/istio/operator/pkg/apis/istio/v1alpha1/values_types.pb.go:2231.2,2231.11 1 0
istio.io/istio/operator/pkg/apis/istio/v1alpha1/values_types.pb.go:2228.14,2230.3 1 0
istio.io/istio/operator/pkg/apis/istio/v1alpha1/values_types.pb.go:2235.60,2236.14 1 0
istio.io/istio/operator/pkg/apis/istio/v1alpha1/values_types.pb.go:2239.2,2239.12 1 0
istio.io/istio/operator/pkg/apis/istio/v1alpha1/values_types.pb.go:2236.14,2238.3 1 0
istio.io/istio/operator/pkg/apis/istio/v1alpha1/values_types.pb.go:2243.64,2244.14 1 0
istio.io/istio/operator/pkg/apis/istio/v1alpha1/values_types.pb.go:2247.2,2247.12 1 0
istio.io/istio/operator/pkg/apis/istio/v1alpha1/values_types.pb.go:2244.14,2246.3 1 0
istio.io/istio/operator/pkg/apis/istio/v1alpha1/values_types.pb.go:2250.76,2251.14 1 0
[...]
istio.io/istio/operator/pkg/util/reflect.go:144.2,144.71 1 1
istio.io/istio/operator/pkg/util/reflect.go:137.23,139.3 1 1
istio.io/istio/operator/pkg/util/reflect.go:140.44,143.3 1 0
istio.io/istio/operator/pkg/util/reflect.go:148.39,150.2 1 1
istio.io/istio/operator/pkg/util/reflect.go:153.45,155.2 1 1
istio.io/istio/operator/pkg/util/reflect.go:158.42,160.2 1 1
istio.io/istio/operator/pkg/util/reflect.go:163.45,165.2 1 1
istio.io/istio/operator/pkg/util/reflect.go:168.39,170.2 1 1
istio.io/istio/operator/pkg/util/reflect.go:173.41,175.2 1 1
istio.io/istio/operator/pkg/util/reflect.go:178.42,179.28 1 1
istio.io/istio/operator/pkg/util/reflect.go:182.2,182.19 1 1
istio.io/istio/operator/pkg/util/reflect.go:188.2,188.64 1 1
istio.io/istio/operator/pkg/util/reflect.go:179.28,181.3 1 1
istio.io/istio/operator/pkg/util/reflect.go:182.19,183.16 1 1
istio.io/istio/operator/pkg/util/reflect.go:186.3,186.15 1 1
istio.io/istio/operator/pkg/util/reflect.go:183.16,185.4 1 0
istio.io/istio/operator/pkg/util/reflect.go:193.65,195.2 1 1
istio.io/istio/operator/pkg/util/reflect.go:198.44,199.18 1 0
istio.io/istio/operator/pkg/util/reflect.go:202.2,202.23 1 0
istio.io/istio/operator/pkg/util/reflect.go:208.2,208.14 1 0
istio.io/istio/operator/pkg/util/reflect.go:199.18,201.3 1 0
istio.io/istio/operator/pkg/util/reflect.go:203.22,204.34 1 0
istio.io/istio/operator/pkg/util/reflect.go:204.34,206.4 1 0
istio.io/istio/operator/pkg/util/reflect.go:212.67,216.39 3 1
istio.io/istio/operator/pkg/util/reflect.go:220.2,221.37 2 1
istio.io/istio/operator/pkg/util/reflect.go:225.2,227.12 2 1
istio.io/istio/operator/pkg/util/reflect.go:216.39,218.3 1 1
istio.io/istio/operator/pkg/util/reflect.go:221.37,223.3 1 1
istio.io/istio/operator/pkg/util/reflect.go:231.82,236.39 4 1
istio.io/istio/operator/pkg/util/reflect.go:240.2,241.37 2 1
istio.io/istio/operator/pkg/util/reflect.go:245.2,247.12 2 0
istio.io/istio/operator/pkg/util/reflect.go:236.39,238.3 1 1
istio.io/istio/operator/pkg/util/reflect.go:241.37,244.3 2 1
istio.io/istio/operator/pkg/util/reflect.go:251.85,257.36 5 1
istio.io/istio/operator/pkg/util/reflect.go:260.2,260.42 1 1
istio.io/istio/operator/pkg/util/reflect.go:264.2,264.36 1 1
istio.io/istio/operator/pkg/util/reflect.go:269.2,271.12 2 1
istio.io/istio/operator/pkg/util/reflect.go:257.36,259.3 1 1
istio.io/istio/operator/pkg/util/reflect.go:260.42,262.3 1 0
istio.io/istio/operator/pkg/util/reflect.go:264.36,267.3 2 1
istio.io/istio/operator/pkg/util/reflect.go:275.66,279.23 3 0
istio.io/istio/operator/pkg/util/reflect.go:282.2,284.12 2 0
istio.io/istio/operator/pkg/util/reflect.go:279.23,281.3 1 0
istio.io/istio/operator/pkg/util/reflect.go:288.46,289.21 1 1
istio.io/istio/operator/pkg/util/reflect.go:292.2,293.9 2 1
istio.io/istio/operator/pkg/util/reflect.go:299.2,299.17 1 1
istio.io/istio/operator/pkg/util/reflect.go:289.21,291.3 1 1
istio.io/istio/operator/pkg/util/reflect.go:294.27,295.28 1 1
istio.io/istio/operator/pkg/util/reflect.go:296.28,297.29 1 1
istio.io/istio/operator/pkg/util/reflect.go:303.37,304.11 1 1
istio.io/istio/operator/pkg/util/reflect.go:308.2,308.14 1 1
istio.io/istio/operator/pkg/util/reflect.go:305.78,306.14 1 1
istio.io/istio/operator/pkg/util/reflect.go:312.38,313.11 1 1
istio.io/istio/operator/pkg/util/reflect.go:317.2,317.14 1 1
istio.io/istio/operator/pkg/util/reflect.go:314.83,315.14 1 1
istio.io/istio/operator/pkg/util/util.go:31.55,33.22 2 1
istio.io/istio/operator/pkg/util/util.go:38.2,38.10 1 1
istio.io/istio/operator/pkg/util/util.go:33.22,34.8 1 1
istio.io/istio/operator/pkg/util/util.go:34.8,36.4 1 1
istio.io/istio/operator/pkg/util/util.go:43.74,45.16 2 0
istio.io/istio/operator/pkg/util/util.go:48.2,49.32 2 0
istio.io/istio/operator/pkg/util/util.go:58.2,58.25 1 0
istio.io/istio/operator/pkg/util/util.go:45.16,47.3 1 0
istio.io/istio/operator/pkg/util/util.go:49.32,51.17 2 0
istio.io/istio/operator/pkg/util/util.go:54.3,54.61 1 0
istio.io/istio/operator/pkg/util/util.go:51.17,53.4 1 0
istio.io/istio/operator/pkg/util/util.go:54.61,56.4 1 0
istio.io/istio/operator/pkg/util/util.go:62.66,64.16 2 0
istio.io/istio/operator/pkg/util/util.go:67.2,68.16 2 0
istio.io/istio/operator/pkg/util/util.go:85.2,85.22 1 0
istio.io/istio/operator/pkg/util/util.go:64.16,66.3 1 0
istio.io/istio/operator/pkg/util/util.go:68.16,69.83 1 0
istio.io/istio/operator/pkg/util/util.go:79.3,79.17 1 0
istio.io/istio/operator/pkg/util/util.go:69.83,70.18 1 0
istio.io/istio/operator/pkg/util/util.go:73.4,73.37 1 0
istio.io/istio/operator/pkg/util/util.go:76.4,77.14 2 0
istio.io/istio/operator/pkg/util/util.go:70.18,72.5 1 0
istio.io/istio/operator/pkg/util/util.go:73.37,75.5 1 0
istio.io/istio/operator/pkg/util/util.go:79.17,81.4 1 0
istio.io/istio/operator/pkg/util/util.go:82.8,84.3 1 0
istio.io/istio/operator/pkg/util/util.go:89.46,91.50 2 1
istio.io/istio/operator/pkg/util/util.go:100.2,100.14 1 1
istio.io/istio/operator/pkg/util/util.go:91.50,93.3 1 1
istio.io/istio/operator/pkg/util/util.go:93.8,93.67 1 1
istio.io/istio/operator/pkg/util/util.go:93.67,95.3 1 1
istio.io/istio/operator/pkg/util/util.go:95.8,95.62 1 1
istio.io/istio/operator/pkg/util/util.go:95.62,97.3 1 1
istio.io/istio/operator/pkg/util/util.go:97.8,99.3 1 1
istio.io/istio/operator/pkg/util/util.go:104.47,107.35 3 1
istio.io/istio/operator/pkg/util/util.go:118.2,119.35 2 1
istio.io/istio/operator/pkg/util/util.go:127.2,127.20 1 1
istio.io/istio/operator/pkg/util/util.go:107.35,108.17 1 1
istio.io/istio/operator/pkg/util/util.go:111.3,112.12 2 1
istio.io/istio/operator/pkg/util/util.go:108.17,109.12 1 1
istio.io/istio/operator/pkg/util/util.go:112.12,114.4 1 1
istio.io/istio/operator/pkg/util/util.go:114.9,116.4 1 1
istio.io/istio/operator/pkg/util/util.go:119.35,120.29 1 1
istio.io/istio/operator/pkg/util/util.go:123.3,125.24 2 1
istio.io/istio/operator/pkg/util/util.go:120.29,121.12 1 1
istio.io/istio/operator/pkg/util/util.go:131.66,133.16 2 1
istio.io/istio/operator/pkg/util/util.go:136.2,138.16 3 1
istio.io/istio/operator/pkg/util/util.go:141.2,141.26 1 1
istio.io/istio/operator/pkg/util/util.go:133.16,135.3 1 0
istio.io/istio/operator/pkg/util/util.go:138.16,140.3 1 1
istio.io/istio/operator/pkg/util/yaml.go:31.37,33.16 2 1
istio.io/istio/operator/pkg/util/yaml.go:36.2,36.18 1 1
istio.io/istio/operator/pkg/util/yaml.go:33.16,35.3 1 0
istio.io/istio/operator/pkg/util/yaml.go:40.49,43.16 3 1
istio.io/istio/operator/pkg/util/yaml.go:46.2,47.16 2 1
istio.io/istio/operator/pkg/util/yaml.go:50.2,50.19 1 1
istio.io/istio/operator/pkg/util/yaml.go:43.16,45.3 1 0
istio.io/istio/operator/pkg/util/yaml.go:47.16,49.3 1 0
istio.io/istio/operator/pkg/util/yaml.go:54.59,57.16 3 0
istio.io/istio/operator/pkg/util/yaml.go:60.2,61.16 2 0
istio.io/istio/operator/pkg/util/yaml.go:64.2,64.24 1 0
istio.io/istio/operator/pkg/util/yaml.go:57.16,59.3 1 0
istio.io/istio/operator/pkg/util/yaml.go:61.16,63.3 1 0
istio.io/istio/operator/pkg/util/yaml.go:68.85,70.13 1 0
istio.io/istio/operator/pkg/util/yaml.go:73.2,74.16 2 0
istio.io/istio/operator/pkg/util/yaml.go:77.2,79.16 3 0
istio.io/istio/operator/pkg/util/yaml.go:82.2,82.12 1 0
istio.io/istio/operator/pkg/util/yaml.go:70.13,72.3 1 0
istio.io/istio/operator/pkg/util/yaml.go:74.16,76.3 1 0
istio.io/istio/operator/pkg/util/yaml.go:79.16,81.3 1 0
istio.io/istio/operator/pkg/util/yaml.go:86.116,88.16 2 1
istio.io/istio/operator/pkg/util/yaml.go:91.2,93.29 2 1
istio.io/istio/operator/pkg/util/yaml.go:105.2,107.16 3 1
istio.io/istio/operator/pkg/util/yaml.go:110.2,110.17 1 1
istio.io/istio/operator/pkg/util/yaml.go:88.16,90.3 1 0
istio.io/istio/operator/pkg/util/yaml.go:93.29,95.17 2 1
istio.io/istio/operator/pkg/util/yaml.go:99.3,100.17 2 1
istio.io/istio/operator/pkg/util/yaml.go:95.17,97.4 1 0
istio.io/istio/operator/pkg/util/yaml.go:100.17,102.4 1 1
istio.io/istio/operator/pkg/util/yaml.go:107.16,109.3 1 0
istio.io/istio/operator/pkg/util/yaml.go:115.56,116.35 1 1
istio.io/istio/operator/pkg/util/yaml.go:119.2,119.38 1 1
istio.io/istio/operator/pkg/util/yaml.go:122.2,123.16 2 1
istio.io/istio/operator/pkg/util/yaml.go:126.2,127.16 2 1
istio.io/istio/operator/pkg/util/yaml.go:130.2,130.16 1 1
istio.io/istio/operator/pkg/util/yaml.go:133.2,133.19 1 1
istio.io/istio/operator/pkg/util/yaml.go:137.2,138.16 2 1
istio.io/istio/operator/pkg/util/yaml.go:141.2,142.16 2 1
istio.io/istio/operator/pkg/util/yaml.go:146.2,146.24 1 1
istio.io/istio/operator/pkg/util/yaml.go:116.35,118.3 1 0
istio.io/istio/operator/pkg/util/yaml.go:119.38,121.3 1 0
istio.io/istio/operator/pkg/util/yaml.go:123.16,125.3 1 0
istio.io/istio/operator/pkg/util/yaml.go:127.16,129.3 1 0
istio.io/istio/operator/pkg/util/yaml.go:130.16,132.3 1 0
istio.io/istio/operator/pkg/util/yaml.go:133.19,135.3 1 0
istio.io/istio/operator/pkg/util/yaml.go:138.16,140.3 1 1
istio.io/istio/operator/pkg/util/yaml.go:142.16,144.3 1 0
istio.io/istio/operator/pkg/util/yaml.go:149.35,151.55 2 1
istio.io/istio/operator/pkg/util/yaml.go:154.2,154.55 1 1
istio.io/istio/operator/pkg/util/yaml.go:158.2,159.16 2 1
istio.io/istio/operator/pkg/util/yaml.go:162.2,163.16 2 1
istio.io/istio/operator/pkg/util/yaml.go:167.2,167.42 1 1
istio.io/istio/operator/pkg/util/yaml.go:151.55,153.3 1 1
istio.io/istio/operator/pkg/util/yaml.go:154.55,156.3 1 0
istio.io/istio/operator/pkg/util/yaml.go:159.16,161.3 1 0
istio.io/istio/operator/pkg/util/yaml.go:163.16,165.3 1 0
istio.io/istio/operator/pkg/util/yaml.go:171.36,172.62 1 1
istio.io/istio/operator/pkg/util/yaml.go:175.2,176.16 2 1
istio.io/istio/operator/pkg/util/yaml.go:180.2,181.16 2 1
istio.io/istio/operator/pkg/util/yaml.go:186.2,186.35 1 1
istio.io/istio/operator/pkg/util/yaml.go:172.62,174.3 1 0
istio.io/istio/operator/pkg/util/yaml.go:176.16,179.3 2 0
istio.io/istio/operator/pkg/util/yaml.go:181.16,184.3 2 0
istio.io/istio/operator/pkg/util/yaml.go:190.33,192.43 2 1
istio.io/istio/operator/pkg/util/yaml.go:198.2,199.33 2 1
istio.io/istio/operator/pkg/util/yaml.go:192.43,194.67 2 1
istio.io/istio/operator/pkg/util/yaml.go:194.67,196.4 1 1
istio.io/istio/operator/pkg/validate/validate_values.go:34.48,36.16 2 1
istio.io/istio/operator/pkg/validate/validate_values.go:39.2,40.73 2 1
istio.io/istio/operator/pkg/validate/validate_values.go:43.2,43.60 1 1
istio.io/istio/operator/pkg/validate/validate_values.go:36.16,38.3 1 0
istio.io/istio/operator/pkg/validate/validate_values.go:40.73,42.3 1 1
istio.io/istio/operator/pkg/validate/validate_values.go:47.112,51.15 4 1
istio.io/istio/operator/pkg/validate/validate_values.go:55.2,56.9 2 1
istio.io/istio/operator/pkg/validate/validate_values.go:60.2,60.23 1 1
istio.io/istio/operator/pkg/validate/validate_values.go:64.2,64.13 1 1
istio.io/istio/operator/pkg/validate/validate_values.go:51.15,53.3 1 1
istio.io/istio/operator/pkg/validate/validate_values.go:56.9,59.3 1 1
istio.io/istio/operator/pkg/validate/validate_values.go:60.23,62.3 1 1
istio.io/istio/operator/pkg/validate/common.go:93.94,95.46 2 1
istio.io/istio/operator/pkg/validate/common.go:99.2,99.13 1 1
istio.io/istio/operator/pkg/validate/common.go:95.46,98.3 2 1
istio.io/istio/operator/pkg/validate/common.go:104.57,105.59 1 1
istio.io/istio/operator/pkg/validate/common.go:105.59,107.26 2 1
istio.io/istio/operator/pkg/validate/common.go:112.3,113.54 2 1
istio.io/istio/operator/pkg/validate/common.go:118.3,119.14 2 1
istio.io/istio/operator/pkg/validate/common.go:107.26,111.4 3 0
istio.io/istio/operator/pkg/validate/common.go:113.54,117.4 3 1
istio.io/istio/operator/pkg/validate/common.go:124.76,126.25 2 1
istio.io/istio/operator/pkg/validate/common.go:129.2,129.47 1 1
istio.io/istio/operator/pkg/validate/common.go:132.2,133.16 2 1
istio.io/istio/operator/pkg/validate/common.go:136.2,136.39 1 1
istio.io/istio/operator/pkg/validate/common.go:126.25,128.3 1 0
istio.io/istio/operator/pkg/validate/common.go:129.47,131.3 1 1
istio.io/istio/operator/pkg/validate/common.go:133.16,135.3 1 1
istio.io/istio/operator/pkg/validate/common.go:140.70,142.2 1 1
istio.io/istio/operator/pkg/validate/common.go:145.81,148.25 2 1
istio.io/istio/operator/pkg/validate/common.go:154.2,154.47 1 1
istio.io/istio/operator/pkg/validate/common.go:158.2,158.52 1 1
istio.io/istio/operator/pkg/validate/common.go:148.25,152.3 3 0
istio.io/istio/operator/pkg/validate/common.go:154.47,156.3 1 1
istio.io/istio/operator/pkg/validate/common.go:162.84,165.9 3 1
istio.io/istio/operator/pkg/validate/common.go:179.2,180.26 2 1
istio.io/istio/operator/pkg/validate/common.go:166.25,168.25 2 1
istio.io/istio/operator/pkg/validate/common.go:171.26,173.39 2 0
istio.io/istio/operator/pkg/validate/common.go:176.10,177.87 1 0
istio.io/istio/operator/pkg/validate/common.go:168.25,170.4 1 1
istio.io/istio/operator/pkg/validate/common.go:173.39,175.4 1 0
istio.io/istio/operator/pkg/validate/common.go:184.64,186.25 2 1
istio.io/istio/operator/pkg/validate/common.go:194.2,195.26 2 1
istio.io/istio/operator/pkg/validate/common.go:186.25,188.3 1 0
istio.io/istio/operator/pkg/validate/common.go:188.8,190.17 2 1
istio.io/istio/operator/pkg/validate/common.go:190.17,192.4 1 1
istio.io/istio/operator/pkg/validate/common.go:198.28,199.16 1 1
istio.io/istio/operator/pkg/validate/common.go:203.2,203.25 1 1
istio.io/istio/operator/pkg/validate/common.go:199.16,202.3 2 0
istio.io/istio/operator/pkg/validate/common.go:207.66,209.16 2 1
istio.io/istio/operator/pkg/validate/common.go:214.2,214.18 1 1
istio.io/istio/operator/pkg/validate/common.go:209.16,211.3 1 1
istio.io/istio/operator/pkg/validate/common.go:211.8,213.3 1 1
istio.io/istio/operator/pkg/validate/common.go:222.39,225.50 2 1
istio.io/istio/operator/pkg/validate/common.go:229.2,229.11 1 1
istio.io/istio/operator/pkg/validate/common.go:225.50,226.29 1 0
istio.io/istio/operator/pkg/validate/common.go:234.55,236.25 2 1
istio.io/istio/operator/pkg/validate/common.go:240.2,240.17 1 1
istio.io/istio/operator/pkg/validate/common.go:236.25,238.3 1 1
istio.io/istio/operator/pkg/validate/common.go:245.53,247.2 1 1
istio.io/istio/operator/pkg/validate/common.go:251.53,253.2 1 1
istio.io/istio/operator/pkg/validate/common.go:256.50,258.2 1 1
istio.io/istio/operator/pkg/validate/common.go:261.52,263.2 1 1
istio.io/istio/operator/pkg/validate/common.go:266.53,268.2 1 1
istio.io/istio/operator/pkg/validate/common.go:274.68,277.65 2 0
istio.io/istio/operator/pkg/validate/common.go:282.2,282.21 1 0
istio.io/istio/operator/pkg/validate/common.go:287.2,288.70 2 0
istio.io/istio/operator/pkg/validate/common.go:291.2,291.17 1 0
istio.io/istio/operator/pkg/validate/common.go:277.65,279.3 1 0
istio.io/istio/operator/pkg/validate/common.go:282.21,286.3 3 0
istio.io/istio/operator/pkg/validate/common.go:288.70,290.3 1 0
istio.io/istio/operator/pkg/validate/common.go:295.50,298.2 2 0
istio.io/istio/operator/pkg/validate/common.go:301.48,303.2 1 1
istio.io/istio/operator/pkg/validate/common.go:306.107,309.66 2 1
istio.io/istio/operator/pkg/validate/common.go:313.2,313.33 1 1
istio.io/istio/operator/pkg/validate/common.go:327.2,327.19 1 1
istio.io/istio/operator/pkg/validate/common.go:309.66,312.3 2 1
istio.io/istio/operator/pkg/validate/common.go:313.33,315.27 2 1
istio.io/istio/operator/pkg/validate/common.go:318.3,318.24 1 1
istio.io/istio/operator/pkg/validate/common.go:315.27,316.12 1 1
istio.io/istio/operator/pkg/validate/common.go:318.24,319.34 1 1
istio.io/istio/operator/pkg/validate/common.go:322.4,322.22 1 1
istio.io/istio/operator/pkg/validate/common.go:319.34,320.10 1 1
istio.io/istio/operator/pkg/validate/common.go:322.22,324.5 1 1
istio.io/istio/operator/pkg/validate/common.go:332.45,333.72 1 1
istio.io/istio/operator/pkg/validate/common.go:336.2,336.62 1 1
istio.io/istio/operator/pkg/validate/common.go:339.2,340.25 2 1
istio.io/istio/operator/pkg/validate/common.go:343.2,344.30 2 0
istio.io/istio/operator/pkg/validate/common.go:333.72,335.3 1 1
istio.io/istio/operator/pkg/validate/common.go:336.62,338.3 1 0
istio.io/istio/operator/pkg/validate/common.go:340.25,342.3 1 1
istio.io/istio/operator/pkg/validate/validate.go:35.61,37.4 1 1
istio.io/istio/operator/pkg/validate/validate.go:50.95,51.35 1 0
istio.io/istio/operator/pkg/validate/validate.go:55.2,56.23 2 0
istio.io/istio/operator/pkg/validate/validate.go:51.35,53.3 1 0
istio.io/istio/operator/pkg/validate/validate.go:62.106,63.15 1 1
istio.io/istio/operator/pkg/validate/validate.go:67.2,67.90 1 1
istio.io/istio/operator/pkg/validate/validate.go:63.15,65.3 1 0
istio.io/istio/operator/pkg/validate/validate.go:73.131,75.22 2 1
istio.io/istio/operator/pkg/validate/validate.go:78.2,78.30 1 1
istio.io/istio/operator/pkg/validate/validate.go:82.2,82.28 1 1
istio.io/istio/operator/pkg/validate/validate.go:86.2,87.33 2 1
istio.io/istio/operator/pkg/validate/validate.go:92.2,92.43 1 1
istio.io/istio/operator/pkg/validate/validate.go:96.2,96.46 1 1
istio.io/istio/operator/pkg/validate/validate.go:141.2,141.19 1 1
istio.io/istio/operator/pkg/validate/validate.go:144.2,144.13 1 1
istio.io/istio/operator/pkg/validate/validate.go:75.22,77.3 1 0
istio.io/istio/operator/pkg/validate/validate.go:78.30,81.3 2 0
istio.io/istio/operator/pkg/validate/validate.go:82.28,85.3 2 0
istio.io/istio/operator/pkg/validate/validate.go:87.33,90.3 2 0
istio.io/istio/operator/pkg/validate/validate.go:92.43,94.3 1 0
istio.io/istio/operator/pkg/validate/validate.go:96.46,100.78 4 1
istio.io/istio/operator/pkg/validate/validate.go:104.3,105.15 2 1
istio.io/istio/operator/pkg/validate/validate.go:100.78,101.12 1 1
istio.io/istio/operator/pkg/validate/validate.go:106.23,107.126 1 1
istio.io/istio/operator/pkg/validate/validate.go:108.20,111.45 3 1
istio.io/istio/operator/pkg/validate/validate.go:115.22,116.42 1 1
istio.io/istio/operator/pkg/validate/validate.go:125.20,126.51 1 1
istio.io/istio/operator/pkg/validate/validate.go:129.4,130.50 2 1
istio.io/istio/operator/pkg/validate/validate.go:135.11,136.43 1 1
istio.io/istio/operator/pkg/validate/validate.go:111.45,114.5 2 1
istio.io/istio/operator/pkg/validate/validate.go:116.42,119.56 3 1
istio.io/istio/operator/pkg/validate/validate.go:119.56,121.6 1 1
istio.io/istio/operator/pkg/validate/validate.go:121.11,123.6 1 1
istio.io/istio/operator/pkg/validate/validate.go:126.51,127.13 1 1
istio.io/istio/operator/pkg/validate/validate.go:130.50,132.5 1 1
istio.io/istio/operator/pkg/validate/validate.go:132.10,134.5 1 0
istio.io/istio/operator/pkg/validate/validate.go:136.43,138.5 1 1
istio.io/istio/operator/pkg/validate/validate.go:141.19,143.3 1 1
istio.io/istio/operator/pkg/validate/validate.go:147.122,150.53 3 1
istio.io/istio/operator/pkg/validate/validate.go:159.2,160.9 2 1
istio.io/istio/operator/pkg/validate/validate.go:166.2,167.22 2 1
istio.io/istio/operator/pkg/validate/validate.go:150.53,151.44 1 1
istio.io/istio/operator/pkg/validate/validate.go:154.3,156.13 3 1
istio.io/istio/operator/pkg/validate/validate.go:151.44,153.4 1 0
istio.io/istio/operator/pkg/validate/validate.go:160.9,165.3 3 1
istio.io/istio/operator/pkg/validate/validate.go:170.71,172.16 2 1
istio.io/istio/operator/pkg/validate/validate.go:175.2,177.83 2 1
istio.io/istio/operator/pkg/validate/validate.go:181.2,181.78 1 1
istio.io/istio/operator/pkg/validate/validate.go:184.2,184.12 1 1
istio.io/istio/operator/pkg/validate/validate.go:172.16,174.3 1 0
istio.io/istio/operator/pkg/validate/validate.go:177.83,179.3 1 1
istio.io/istio/operator/pkg/validate/validate.go:181.78,183.3 1 1
istio.io/istio/operator/pkg/validate/validate.go:187.63,189.2 1 1
istio.io/istio/operator/pkg/validate/validate.go:191.63,193.2 1 1
istio.io/istio/operator/pkg/validate/validate.go:195.65,196.42 1 0
istio.io/istio/operator/pkg/validate/validate.go:200.2,200.12 1 0
istio.io/istio/operator/pkg/validate/validate.go:196.42,199.3 2 0
istio.io/istio/operator/pkg/validate/validate.go:203.71,205.9 2 1
istio.io/istio/operator/pkg/validate/validate.go:208.2,208.18 1 1
istio.io/istio/operator/pkg/validate/validate.go:212.2,212.55 1 1
istio.io/istio/operator/pkg/validate/validate.go:205.9,207.3 1 0
istio.io/istio/operator/pkg/validate/validate.go:208.18,211.3 1 0
