mode: set
istio.io/mixer/pkg/config/manager.go:74.79,85.2 2 1
istio.io/mixer/pkg/config/manager.go:88.47,90.2 1 1
istio.io/mixer/pkg/config/manager.go:92.58,95.52 3 1
istio.io/mixer/pkg/config/manager.go:98.2,98.45 1 1
istio.io/mixer/pkg/config/manager.go:95.52,97.3 1 1
istio.io/mixer/pkg/config/manager.go:102.45,107.17 4 1
istio.io/mixer/pkg/config/manager.go:111.2,112.17 2 1
istio.io/mixer/pkg/config/manager.go:116.2,116.42 1 1
istio.io/mixer/pkg/config/manager.go:120.2,121.48 2 1
istio.io/mixer/pkg/config/manager.go:125.2,127.36 3 0
istio.io/mixer/pkg/config/manager.go:107.17,109.3 1 1
istio.io/mixer/pkg/config/manager.go:112.17,114.3 1 1
istio.io/mixer/pkg/config/manager.go:116.42,118.3 1 0
istio.io/mixer/pkg/config/manager.go:121.48,123.3 1 1
istio.io/mixer/pkg/config/manager.go:131.42,133.16 2 1
istio.io/mixer/pkg/config/manager.go:139.2,139.15 1 0
istio.io/mixer/pkg/config/manager.go:143.2,144.26 2 0
istio.io/mixer/pkg/config/manager.go:147.2,147.12 1 0
istio.io/mixer/pkg/config/manager.go:133.16,138.3 4 1
istio.io/mixer/pkg/config/manager.go:139.15,141.3 1 0
istio.io/mixer/pkg/config/manager.go:144.26,146.3 1 0
istio.io/mixer/pkg/config/manager.go:151.43,156.2 4 1
istio.io/mixer/pkg/config/manager.go:159.27,159.47 1 1
istio.io/mixer/pkg/config/manager.go:161.26,165.12 4 1
istio.io/mixer/pkg/config/manager.go:165.12,166.10 1 1
istio.io/mixer/pkg/config/manager.go:167.3,169.18 2 0
istio.io/mixer/pkg/config/manager.go:172.3,173.15 1 1
istio.io/mixer/pkg/config/manager.go:169.18,171.5 1 0
istio.io/mixer/pkg/config/manager.go:179.27,184.16 3 1
istio.io/mixer/pkg/config/manager.go:184.16,186.3 1 1
istio.io/mixer/pkg/config/runtime.go:46.75,51.2 1 1
istio.io/mixer/pkg/config/runtime.go:57.88,61.2 3 1
istio.io/mixer/pkg/config/runtime.go:63.83,65.20 1 1
istio.io/mixer/pkg/config/runtime.go:68.2,68.44 1 1
istio.io/mixer/pkg/config/runtime.go:65.20,67.3 1 0
istio.io/mixer/pkg/config/runtime.go:72.141,76.29 3 1
istio.io/mixer/pkg/config/runtime.go:102.2,102.12 1 1
istio.io/mixer/pkg/config/runtime.go:76.29,77.16 1 1
istio.io/mixer/pkg/config/runtime.go:80.3,81.62 2 1
istio.io/mixer/pkg/config/runtime.go:85.3,85.16 1 1
istio.io/mixer/pkg/config/runtime.go:88.3,89.40 2 1
istio.io/mixer/pkg/config/runtime.go:94.3,95.19 2 1
istio.io/mixer/pkg/config/runtime.go:98.3,98.74 1 1
istio.io/mixer/pkg/config/runtime.go:77.16,79.4 1 0
istio.io/mixer/pkg/config/runtime.go:81.62,83.12 2 1
istio.io/mixer/pkg/config/runtime.go:85.16,86.12 1 1
istio.io/mixer/pkg/config/runtime.go:89.40,90.50 1 1
istio.io/mixer/pkg/config/runtime.go:90.50,92.5 1 1
istio.io/mixer/pkg/config/runtime.go:95.19,96.12 1 1
istio.io/mixer/pkg/config/runtime.go:98.74,100.4 1 1
istio.io/mixer/pkg/config/runtime.go:106.74,107.25 1 1
istio.io/mixer/pkg/config/runtime.go:114.2,116.27 2 1
istio.io/mixer/pkg/config/runtime.go:107.25,110.3 2 1
istio.io/mixer/pkg/config/validator.go:46.143,54.2 1 1
istio.io/mixer/pkg/config/validator.go:77.81,80.54 3 1
istio.io/mixer/pkg/config/validator.go:84.2,86.37 3 1
istio.io/mixer/pkg/config/validator.go:94.2,94.8 1 1
istio.io/mixer/pkg/config/validator.go:80.54,83.3 2 1
istio.io/mixer/pkg/config/validator.go:86.37,87.100 1 1
istio.io/mixer/pkg/config/validator.go:91.3,92.42 2 1
istio.io/mixer/pkg/config/validator.go:87.100,89.12 2 1
istio.io/mixer/pkg/config/validator.go:98.67,100.24 1 1
istio.io/mixer/pkg/config/validator.go:103.2,103.43 1 1
istio.io/mixer/pkg/config/validator.go:100.24,102.3 1 1
istio.io/mixer/pkg/config/validator.go:108.128,111.29 3 1
istio.io/mixer/pkg/config/validator.go:143.2,143.11 1 1
istio.io/mixer/pkg/config/validator.go:111.29,112.63 1 1
istio.io/mixer/pkg/config/validator.go:115.3,116.42 2 1
istio.io/mixer/pkg/config/validator.go:135.3,136.19 2 1
istio.io/mixer/pkg/config/validator.go:139.3,139.77 1 1
istio.io/mixer/pkg/config/validator.go:112.63,114.4 1 1
istio.io/mixer/pkg/config/validator.go:116.42,117.101 1 1
istio.io/mixer/pkg/config/validator.go:121.4,123.24 3 1
istio.io/mixer/pkg/config/validator.go:117.101,119.13 2 1
istio.io/mixer/pkg/config/validator.go:123.24,125.19 2 1
istio.io/mixer/pkg/config/validator.go:130.5,130.67 1 1
istio.io/mixer/pkg/config/validator.go:125.19,127.6 1 1
istio.io/mixer/pkg/config/validator.go:130.67,132.6 1 1
istio.io/mixer/pkg/config/validator.go:136.19,137.12 1 1
istio.io/mixer/pkg/config/validator.go:139.77,141.4 1 1
istio.io/mixer/pkg/config/validator.go:148.109,150.56 2 1
istio.io/mixer/pkg/config/validator.go:156.2,156.64 1 1
istio.io/mixer/pkg/config/validator.go:161.2,161.25 1 1
istio.io/mixer/pkg/config/validator.go:150.56,153.3 2 1
istio.io/mixer/pkg/config/validator.go:156.64,159.3 2 1
istio.io/mixer/pkg/config/validator.go:167.105,170.54 3 1
istio.io/mixer/pkg/config/validator.go:174.2,174.79 1 1
istio.io/mixer/pkg/config/validator.go:177.2,178.8 2 1
istio.io/mixer/pkg/config/validator.go:170.54,173.3 2 1
istio.io/mixer/pkg/config/validator.go:174.79,176.3 1 1
istio.io/mixer/pkg/config/validator.go:182.42,184.2 1 1
istio.io/mixer/pkg/config/validator.go:187.137,191.45 3 1
istio.io/mixer/pkg/config/validator.go:195.2,196.53 2 1
istio.io/mixer/pkg/config/validator.go:199.2,199.51 1 1
istio.io/mixer/pkg/config/validator.go:202.2,202.18 1 1
istio.io/mixer/pkg/config/validator.go:191.45,193.3 1 1
istio.io/mixer/pkg/config/validator.go:196.53,198.3 1 1
istio.io/mixer/pkg/config/validator.go:199.51,201.3 1 1
istio.io/mixer/pkg/config/validator.go:214.78,218.2 1 1
istio.io/mixer/pkg/config/validator.go:222.110,226.26 4 1
istio.io/mixer/pkg/config/validator.go:230.2,230.47 1 1
istio.io/mixer/pkg/config/validator.go:234.2,234.37 1 1
istio.io/mixer/pkg/config/validator.go:238.2,238.34 1 1
istio.io/mixer/pkg/config/validator.go:242.2,242.12 1 1
istio.io/mixer/pkg/config/validator.go:226.26,228.3 1 1
istio.io/mixer/pkg/config/validator.go:230.47,232.3 1 1
istio.io/mixer/pkg/config/validator.go:234.37,236.3 1 1
istio.io/mixer/pkg/config/validator.go:238.34,240.3 1 1
